{"meta": {"format": 3, "version": "7.13.1", "timestamp": "2026-03-23T09:18:55.822194", "branch_coverage": false, "show_contexts": false}, "files": {"src/__init__.py": {"executed_lines": [], "summary": {"covered_lines": 0, "num_statements": 0, "percent_covered": 100.0, "percent_covered_display": "100", "missing_lines": 0, "excluded_lines": 0, "percent_statements_covered": 100.0, "percent_statements_covered_display": "100"}, "missing_lines": [], "excluded_lines": [], "functions": {"": {"executed_lines": [], "summary": {"covered_lines": 0, "num_statements": 0, "percent_covered": 100.0, "percent_covered_display": "100", "missing_lines": 0, "excluded_lines": 0, "percent_statements_covered": 100.0, "percent_statements_covered_display": "100"}, "missing_lines": [], "excluded_lines": [], "start_line": 1}}, "classes": {"": {"executed_lines": [], "summary": {"covered_lines": 0, "num_statements": 0, "percent_covered": 100.0, "percent_covered_display": "100", "missing_lines": 0, "excluded_lines": 0, "percent_statements_covered": 100.0, "percent_statements_covered_display": "100"}, "missing_lines": [], "excluded_lines": [], "start_line": 1}}}, "src/agent/__init__.py": {"executed_lines": [], "summary": {"covered_lines": 0, "num_statements": 0, "percent_covered": 100.0, "percent_covered_display": "100", "missing_lines": 0, "excluded_lines": 0, "percent_statements_covered": 100.0, "percent_statements_covered_display": "100"}, "missing_lines": [], "excluded_lines": [], "functions": {"": {"executed_lines": [], "summary": {"covered_lines": 0, "num_statements": 0, "percent_covered": 100.0, "percent_covered_display": "100", "missing_lines": 0, "excluded_lines": 0, "percent_statements_covered": 100.0, "percent_statements_covered_display": "100"}, "missing_lines": [], "excluded_lines": [], "start_line": 1}}, "classes": {"": {"executed_lines": [], "summary": {"covered_lines": 0, "num_statements": 0, "percent_covered": 100.0, "percent_covered_display": "100", "missing_lines": 0, "excluded_lines": 0, "percent_statements_covered": 100.0, "percent_statements_covered_display": "100"}, "missing_lines": [], "excluded_lines": [], "start_line": 1}}}, "src/agent/context.py": {"executed_lines": [1, 3, 4, 6, 8, 11, 18, 19, 20, 21, 22, 24, 25, 26, 28, 29, 39, 41, 43, 44, 47, 48, 49, 50, 51, 52, 54, 55, 56, 58], "summary": {"covered_lines": 30, "num_statements": 30, "percent_covered": 100.0, "percent_covered_display": "100", "missing_lines": 0, "excluded_lines": 0, "percent_statements_covered": 100.0, "percent_statements_covered_display": "100"}, "missing_lines": [], "excluded_lines": [], "functions": {"format_context": {"executed_lines": [18, 19, 20, 21, 22, 24, 25, 26, 28, 39, 41, 43, 44, 47, 48, 49, 50, 51, 52, 54, 55, 56, 58], "summary": {"covered_lines": 23, "num_statements": 23, "percent_covered": 100.0, "percent_covered_display": "100", "missing_lines": 0, "excluded_lines": 0, "percent_statements_covered": 100.0, "percent_statements_covered_display": "100"}, "missing_lines": [], "excluded_lines": [], "start_line": 11}, "format_context._msg_line": {"executed_lines": [29], "summary": {"covered_lines": 1, "num_statements": 1, "percent_covered": 100.0, "percent_covered_display": "100", "missing_lines": 0, "excluded_lines": 0, "percent_statements_covered": 100.0, "percent_statements_covered_display": "100"}, "missing_lines": [], "excluded_lines": [], "start_line": 28}, "": {"executed_lines": [1, 3, 4, 6, 8, 11], "summary": {"covered_lines": 6, "num_statements": 6, "percent_covered": 100.0, "percent_covered_display": "100", "missing_lines": 0, "excluded_lines": 0, "percent_statements_covered": 100.0, "percent_statements_covered_display": "100"}, "missing_lines": [], "excluded_lines": [], "start_line": 1}}, "classes": {"": {"executed_lines": [1, 3, 4, 6, 8, 11, 18, 19, 20, 21, 22, 24, 25, 26, 28, 29, 39, 41, 43, 44, 47, 48, 49, 50, 51, 52, 54, 55, 56, 58], "summary": {"covered_lines": 30, "num_statements": 30, "percent_covered": 100.0, "percent_covered_display": "100", "missing_lines": 0, "excluded_lines": 0, "percent_statements_covered": 100.0, "percent_statements_covered_display": "100"}, "missing_lines": [], "excluded_lines": [], "start_line": 1}}}, "src/agent/manager.py": {"executed_lines": [1, 3, 4, 5, 6, 7, 8, 9, 10, 11, 12, 14, 16, 17, 24, 25, 26, 27, 33, 35, 38, 40, 41, 42, 43, 44, 45, 48, 49, 54, 55, 58, 59, 60, 61, 62, 63, 64, 65, 66, 67, 68, 71, 72, 73, 74, 75, 77, 78, 80, 81, 82, 84, 85, 86, 90, 101, 102, 103, 104, 105, 106, 108, 110, 114, 115, 117, 126, 127, 128, 129, 130, 131, 132, 134, 135, 136, 137, 138, 139, 142, 143, 144, 148, 151, 152, 153, 157, 158, 160, 166, 167, 177, 178, 181, 182, 183, 184, 185, 186, 187, 188, 189, 190, 191, 192, 194, 195, 196, 201, 202, 203, 204, 205, 206, 207, 208, 210, 211, 212, 213, 214, 215, 216, 217, 219, 220, 221, 225, 226, 227, 228, 232, 233, 234, 235, 236, 238, 240, 243, 245, 246, 251, 256, 257, 258, 260, 261, 262, 264, 265, 270, 271, 272, 273, 274, 276, 277, 278, 279, 280, 281, 282, 283, 284, 285, 286, 287, 288, 289, 291, 292, 293, 294, 295, 297, 298, 299, 300, 301, 302, 303, 304, 305, 306, 307, 308, 317, 318, 319, 320, 321, 322, 324, 326, 327, 328, 334, 335, 337, 338, 342, 344, 345, 346, 347, 350, 352, 353, 355, 356, 357, 359, 364, 365, 366, 367, 368, 372, 374, 375, 379, 380, 381, 397, 399, 400, 404, 405, 406, 407, 408, 417, 425, 426, 428, 429, 430, 433, 434, 435, 441, 444, 445, 446, 450, 451, 452, 454, 455, 457, 458, 459, 461, 462, 467, 468, 469, 470, 471, 483, 486, 487, 488, 490, 491, 494, 495, 496, 497, 498, 501, 517, 518, 519, 520, 525, 526, 527, 528, 529, 530, 538, 539, 540, 543, 545, 546, 547, 548, 549, 550, 551, 552, 553, 554, 555, 560, 561, 562, 563, 564, 565, 568, 570, 571, 584, 586, 594, 598, 599, 600, 607, 609, 624, 653, 681, 759, 770, 771, 772, 773, 774, 775, 776, 777, 778, 785, 786, 787, 788, 789, 799, 800, 801, 802, 803, 804, 807, 809, 864, 865, 866, 867, 868, 869, 870, 872, 873, 874, 879, 880, 881, 882, 884, 885, 886, 890, 891, 892, 893, 894, 896, 897, 898, 900, 902, 903, 904, 906, 907, 908, 909, 910, 911, 913, 914, 918, 919, 920, 927, 928, 929, 930, 932, 933, 934, 935, 936, 937, 938, 939, 940, 942, 943, 944, 945, 951, 953, 954, 956, 957, 958, 960, 962, 963, 964, 965, 966, 967, 968, 971, 972, 973, 974, 975, 976, 977, 980, 981, 982, 983, 984, 985, 987, 988, 992, 1004, 1009, 1017, 1020, 1021, 1024, 1025, 1026, 1030, 1038, 1042, 1043, 1054, 1055, 1056, 1062, 1063, 1064, 1065, 1066, 1067, 1068, 1077, 1079, 1083, 1084, 1093, 1094, 1095, 1096, 1097, 1105, 1109, 1113, 1115, 1119, 1120, 1122, 1125, 1127, 1128, 1129, 1131, 1132, 1133, 1134, 1135, 1136, 1137, 1139, 1140, 1141, 1143, 1152, 1153, 1154, 1155, 1157], "summary": {"covered_lines": 485, "num_statements": 632, "percent_covered": 76.74050632911393, "percent_covered_display": "77", "missing_lines": 147, "excluded_lines": 0, "percent_statements_covered": 76.74050632911393, "percent_statements_covered_display": "77"}, "missing_lines": [111, 112, 133, 149, 150, 154, 155, 156, 161, 237, 239, 241, 242, 323, 336, 351, 383, 384, 386, 387, 388, 389, 395, 409, 410, 411, 412, 415, 427, 436, 440, 472, 473, 474, 475, 478, 482, 484, 485, 492, 493, 502, 503, 504, 505, 506, 507, 508, 511, 572, 573, 574, 575, 576, 577, 578, 579, 583, 602, 603, 604, 605, 606, 610, 612, 614, 615, 617, 619, 620, 622, 625, 631, 632, 633, 634, 635, 637, 640, 641, 642, 646, 654, 655, 656, 678, 679, 687, 688, 689, 695, 696, 700, 707, 714, 715, 716, 724, 735, 736, 737, 738, 746, 757, 822, 823, 824, 825, 826, 827, 828, 830, 841, 842, 852, 853, 854, 855, 856, 858, 861, 912, 959, 978, 1005, 1006, 1007, 1015, 1047, 1048, 1052, 1057, 1060, 1061, 1070, 1074, 1075, 1144, 1145, 1146, 1147, 1148, 1149, 1150, 1156, 1158, 1159], "excluded_lines": [], "functions": {"_embed_history_in_prompt": {"executed_lines": [40, 41, 42, 43, 44, 45], "summary": {"covered_lines": 6, "num_statements": 6, "percent_covered": 100.0, "percent_covered_display": "100", "missing_lines": 0, "excluded_lines": 0, "percent_statements_covered": 100.0, "percent_statements_covered_display": "100"}, "missing_lines": [], "excluded_lines": [], "start_line": 38}, "ClaudeSdkBackend.__init__": {"executed_lines": [73, 74, 75], "summary": {"covered_lines": 3, "num_statements": 3, "percent_covered": 100.0, "percent_covered_display": "100", "missing_lines": 0, "excluded_lines": 0, "percent_statements_covered": 100.0, "percent_statements_covered_display": "100"}, "missing_lines": [], "excluded_lines": [], "start_line": 72}, "ClaudeSdkBackend.initialize": {"executed_lines": [78, 80, 81, 82], "summary": {"covered_lines": 4, "num_statements": 4, "percent_covered": 100.0, "percent_covered_display": "100", "missing_lines": 0, "excluded_lines": 0, "percent_statements_covered": 100.0, "percent_statements_covered_display": "100"}, "missing_lines": [], "excluded_lines": [], "start_line": 77}, "ClaudeSdkBackend.available": {"executed_lines": [86], "summary": {"covered_lines": 1, "num_statements": 1, "percent_covered": 100.0, "percent_covered_display": "100", "missing_lines": 0, "excluded_lines": 0, "percent_statements_covered": 100.0, "percent_statements_covered_display": "100"}, "missing_lines": [], "excluded_lines": [], "start_line": 85}, "ClaudeSdkBackend.chat_stream": {"executed_lines": [101, 102, 103, 104, 105, 106, 108, 110, 114, 115, 117, 126, 127, 128, 129, 130, 131, 132, 134, 135, 136, 137, 138, 139, 142, 143, 144, 148, 151, 152, 153, 157, 158, 160, 166, 167, 177, 178], "summary": {"covered_lines": 38, "num_statements": 45, "percent_covered": 84.44444444444444, "percent_covered_display": "84", "missing_lines": 7, "excluded_lines": 0, "percent_statements_covered": 84.44444444444444, "percent_statements_covered_display": "84"}, "missing_lines": [133, 149, 150, 154, 155, 156, 161], "excluded_lines": [], "start_line": 90}, "ClaudeSdkBackend.chat_stream._on_stderr": {"executed_lines": [], "summary": {"covered_lines": 0, "num_statements": 2, "percent_covered": 0.0, "percent_covered_display": "0", "missing_lines": 2, "excluded_lines": 0, "percent_statements_covered": 0.0, "percent_statements_covered_display": "0"}, "missing_lines": [111, 112], "excluded_lines": [], "start_line": 110}, "DeepagentsBackend.__init__": {"executed_lines": [183, 184, 185, 186, 187, 188, 189, 190, 191, 192], "summary": {"covered_lines": 10, "num_statements": 10, "percent_covered": 100.0, "percent_covered_display": "100", "missing_lines": 0, "excluded_lines": 0, "percent_statements_covered": 100.0, "percent_statements_covered_display": "100"}, "missing_lines": [], "excluded_lines": [], "start_line": 182}, "DeepagentsBackend.legacy_fallback_model": {"executed_lines": [196], "summary": {"covered_lines": 1, "num_statements": 1, "percent_covered": 100.0, "percent_covered_display": "100", "missing_lines": 0, "excluded_lines": 0, "percent_statements_covered": 100.0, "percent_statements_covered_display": "100"}, "missing_lines": [], "excluded_lines": [], "start_line": 195}, "DeepagentsBackend.fallback_model": {"executed_lines": [203, 204, 205, 206, 207, 208], "summary": {"covered_lines": 6, "num_statements": 6, "percent_covered": 100.0, "percent_covered_display": "100", "missing_lines": 0, "excluded_lines": 0, "percent_statements_covered": 100.0, "percent_statements_covered_display": "100"}, "missing_lines": [], "excluded_lines": [], "start_line": 202}, "DeepagentsBackend.fallback_provider": {"executed_lines": [212, 213, 214, 215, 216, 217], "summary": {"covered_lines": 6, "num_statements": 6, "percent_covered": 100.0, "percent_covered_display": "100", "missing_lines": 0, "excluded_lines": 0, "percent_statements_covered": 100.0, "percent_statements_covered_display": "100"}, "missing_lines": [], "excluded_lines": [], "start_line": 211}, "DeepagentsBackend.configured": {"executed_lines": [221], "summary": {"covered_lines": 1, "num_statements": 1, "percent_covered": 100.0, "percent_covered_display": "100", "missing_lines": 0, "excluded_lines": 0, "percent_statements_covered": 100.0, "percent_statements_covered_display": "100"}, "missing_lines": [], "excluded_lines": [], "start_line": 220}, "DeepagentsBackend.available": {"executed_lines": [227, 228, 232, 233, 234, 235, 236, 238, 240, 243], "summary": {"covered_lines": 10, "num_statements": 14, "percent_covered": 71.42857142857143, "percent_covered_display": "71", "missing_lines": 4, "excluded_lines": 0, "percent_statements_covered": 71.42857142857143, "percent_statements_covered_display": "71"}, "missing_lines": [237, 239, 241, 242], "excluded_lines": [], "start_line": 226}, "DeepagentsBackend.has_usable_db_provider_configs": {"executed_lines": [251], "summary": {"covered_lines": 1, "num_statements": 1, "percent_covered": 100.0, "percent_covered_display": "100", "missing_lines": 0, "excluded_lines": 0, "percent_statements_covered": 100.0, "percent_statements_covered_display": "100"}, "missing_lines": [], "excluded_lines": [], "start_line": 246}, "DeepagentsBackend.init_error": {"executed_lines": [258], "summary": {"covered_lines": 1, "num_statements": 1, "percent_covered": 100.0, "percent_covered_display": "100", "missing_lines": 0, "excluded_lines": 0, "percent_statements_covered": 100.0, "percent_statements_covered_display": "100"}, "missing_lines": [], "excluded_lines": [], "start_line": 257}, "DeepagentsBackend.preflight_available": {"executed_lines": [262], "summary": {"covered_lines": 1, "num_statements": 1, "percent_covered": 100.0, "percent_covered_display": "100", "missing_lines": 0, "excluded_lines": 0, "percent_statements_covered": 100.0, "percent_statements_covered_display": "100"}, "missing_lines": [], "excluded_lines": [], "start_line": 261}, "DeepagentsBackend._fallback_api_key": {"executed_lines": [265], "summary": {"covered_lines": 1, "num_statements": 1, "percent_covered": 100.0, "percent_covered_display": "100", "missing_lines": 0, "excluded_lines": 0, "percent_statements_covered": 100.0, "percent_statements_covered_display": "100"}, "missing_lines": [], "excluded_lines": [], "start_line": 264}, "DeepagentsBackend._provider_from_model": {"executed_lines": [271, 272, 273, 274], "summary": {"covered_lines": 4, "num_statements": 4, "percent_covered": 100.0, "percent_covered_display": "100", "missing_lines": 0, "excluded_lines": 0, "percent_statements_covered": 100.0, "percent_statements_covered_display": "100"}, "missing_lines": [], "excluded_lines": [], "start_line": 270}, "DeepagentsBackend.refresh_settings_cache": {"executed_lines": [277, 278, 279, 280, 281, 282, 283, 284, 285, 286, 287, 288, 289], "summary": {"covered_lines": 13, "num_statements": 13, "percent_covered": 100.0, "percent_covered_display": "100", "missing_lines": 0, "excluded_lines": 0, "percent_statements_covered": 100.0, "percent_statements_covered_display": "100"}, "missing_lines": [], "excluded_lines": [], "start_line": 276}, "DeepagentsBackend._enabled_db_configs": {"executed_lines": [292, 293, 294, 295], "summary": {"covered_lines": 4, "num_statements": 4, "percent_covered": 100.0, "percent_covered_display": "100", "missing_lines": 0, "excluded_lines": 0, "percent_statements_covered": 100.0, "percent_statements_covered_display": "100"}, "missing_lines": [], "excluded_lines": [], "start_line": 291}, "DeepagentsBackend._legacy_fallback_config": {"executed_lines": [298, 299, 300, 301, 302, 303, 304, 305, 306, 307, 308], "summary": {"covered_lines": 11, "num_statements": 11, "percent_covered": 100.0, "percent_covered_display": "100", "missing_lines": 0, "excluded_lines": 0, "percent_statements_covered": 100.0, "percent_statements_covered_display": "100"}, "missing_lines": [], "excluded_lines": [], "start_line": 297}, "DeepagentsBackend._candidate_configs_from_cache": {"executed_lines": [318, 319, 320, 321, 322, 324], "summary": {"covered_lines": 6, "num_statements": 7, "percent_covered": 85.71428571428571, "percent_covered_display": "86", "missing_lines": 1, "excluded_lines": 0, "percent_statements_covered": 85.71428571428571, "percent_statements_covered_display": "86"}, "missing_lines": [323], "excluded_lines": [], "start_line": 317}, "DeepagentsBackend._is_legacy_candidate": {"executed_lines": [327, 328], "summary": {"covered_lines": 2, "num_statements": 2, "percent_covered": 100.0, "percent_covered_display": "100", "missing_lines": 0, "excluded_lines": 0, "percent_statements_covered": 100.0, "percent_statements_covered_display": "100"}, "missing_lines": [], "excluded_lines": [], "start_line": 326}, "DeepagentsBackend._legacy_validation_error": {"executed_lines": [335, 337, 338, 342], "summary": {"covered_lines": 4, "num_statements": 5, "percent_covered": 80.0, "percent_covered_display": "80", "missing_lines": 1, "excluded_lines": 0, "percent_statements_covered": 80.0, "percent_statements_covered_display": "80"}, "missing_lines": [336], "excluded_lines": [], "start_line": 334}, "DeepagentsBackend._validation_error": {"executed_lines": [345, 346, 347, 350, 352, 353], "summary": {"covered_lines": 6, "num_statements": 7, "percent_covered": 85.71428571428571, "percent_covered_display": "86", "missing_lines": 1, "excluded_lines": 0, "percent_statements_covered": 85.71428571428571, "percent_statements_covered_display": "86"}, "missing_lines": [351], "excluded_lines": [], "start_line": 344}, "DeepagentsBackend._candidate_configs": {"executed_lines": [356, 357], "summary": {"covered_lines": 2, "num_statements": 2, "percent_covered": 100.0, "percent_covered_display": "100", "missing_lines": 0, "excluded_lines": 0, "percent_statements_covered": 100.0, "percent_statements_covered_display": "100"}, "missing_lines": [], "excluded_lines": [], "start_line": 355}, "DeepagentsBackend._run_db_tool_sync": {"executed_lines": [364, 365, 366, 367, 368], "summary": {"covered_lines": 5, "num_statements": 5, "percent_covered": 100.0, "percent_covered_display": "100", "missing_lines": 0, "excluded_lines": 0, "percent_statements_covered": 100.0, "percent_statements_covered_display": "100"}, "missing_lines": [], "excluded_lines": [], "start_line": 359}, "DeepagentsBackend._search_messages_tool": {"executed_lines": [374, 375, 379, 380, 381], "summary": {"covered_lines": 5, "num_statements": 12, "percent_covered": 41.666666666666664, "percent_covered_display": "42", "missing_lines": 7, "excluded_lines": 0, "percent_statements_covered": 41.666666666666664, "percent_statements_covered_display": "42"}, "missing_lines": [383, 384, 386, 387, 388, 389, 395], "excluded_lines": [], "start_line": 372}, "DeepagentsBackend._get_channels_tool": {"executed_lines": [399, 400, 404, 405, 406, 407, 408], "summary": {"covered_lines": 7, "num_statements": 12, "percent_covered": 58.333333333333336, "percent_covered_display": "58", "missing_lines": 5, "excluded_lines": 0, "percent_statements_covered": 58.333333333333336, "percent_statements_covered_display": "58"}, "missing_lines": [409, 410, 411, 412, 415], "excluded_lines": [], "start_line": 397}, "DeepagentsBackend._build_agent": {"executed_lines": [425, 426, 428, 429, 430, 433, 434, 435, 441, 444, 445, 446, 450, 451, 452, 454, 455, 457, 458, 459, 461, 462, 467, 468, 469, 470, 471, 483, 486, 487, 488], "summary": {"covered_lines": 31, "num_statements": 42, "percent_covered": 73.80952380952381, "percent_covered_display": "74", "missing_lines": 11, "excluded_lines": 0, "percent_statements_covered": 73.80952380952381, "percent_statements_covered_display": "74"}, "missing_lines": [427, 436, 440, 472, 473, 474, 475, 478, 482, 484, 485], "excluded_lines": [], "start_line": 417}, "DeepagentsBackend.initialize": {"executed_lines": [491, 494, 495, 496, 497, 498, 501, 517, 518, 519, 520, 525, 526, 527, 528, 529, 530, 538, 539, 540, 543, 545, 546, 547, 548, 549, 550, 551, 552, 553, 554, 555, 560, 561, 562, 563, 564, 565, 568], "summary": {"covered_lines": 39, "num_statements": 49, "percent_covered": 79.59183673469387, "percent_covered_display": "80", "missing_lines": 10, "excluded_lines": 0, "percent_statements_covered": 79.59183673469387, "percent_statements_covered_display": "80"}, "missing_lines": [492, 493, 502, 503, 504, 505, 506, 507, 508, 511], "excluded_lines": [], "start_line": 490}, "DeepagentsBackend._extract_result_text": {"executed_lines": [571, 584], "summary": {"covered_lines": 2, "num_statements": 11, "percent_covered": 18.181818181818183, "percent_covered_display": "18", "missing_lines": 9, "excluded_lines": 0, "percent_statements_covered": 18.181818181818183, "percent_statements_covered_display": "18"}, "missing_lines": [572, 573, 574, 575, 576, 577, 578, 579, 583], "excluded_lines": [], "start_line": 570}, "DeepagentsBackend._run_agent": {"executed_lines": [594, 598, 599, 600, 607], "summary": {"covered_lines": 5, "num_statements": 10, "percent_covered": 50.0, "percent_covered_display": "50", "missing_lines": 5, "excluded_lines": 0, "percent_statements_covered": 50.0, "percent_statements_covered_display": "50"}, "missing_lines": [602, 603, 604, 605, 606], "excluded_lines": [], "start_line": 586}, "DeepagentsBackend._probe_tools": {"executed_lines": [], "summary": {"covered_lines": 0, "num_statements": 4, "percent_covered": 0.0, "percent_covered_display": "0", "missing_lines": 4, "excluded_lines": 0, "percent_statements_covered": 0.0, "percent_statements_covered_display": "0"}, "missing_lines": [610, 612, 617, 622], "excluded_lines": [], "start_line": 609}, "DeepagentsBackend._probe_tools._search_messages_tool": {"executed_lines": [], "summary": {"covered_lines": 0, "num_statements": 2, "percent_covered": 0.0, "percent_covered_display": "0", "missing_lines": 2, "excluded_lines": 0, "percent_statements_covered": 0.0, "percent_statements_covered_display": "0"}, "missing_lines": [614, 615], "excluded_lines": [], "start_line": 612}, "DeepagentsBackend._probe_tools._get_channels_tool": {"executed_lines": [], "summary": {"covered_lines": 0, "num_statements": 2, "percent_covered": 0.0, "percent_covered_display": "0", "missing_lines": 2, "excluded_lines": 0, "percent_statements_covered": 0.0, "percent_statements_covered_display": "0"}, "missing_lines": [619, 620], "excluded_lines": [], "start_line": 617}, "DeepagentsBackend._run_probe": {"executed_lines": [], "summary": {"covered_lines": 0, "num_statements": 11, "percent_covered": 0.0, "percent_covered_display": "0", "missing_lines": 11, "excluded_lines": 0, "percent_statements_covered": 0.0, "percent_statements_covered_display": "0"}, "missing_lines": [625, 631, 632, 633, 634, 635, 637, 640, 641, 642, 646], "excluded_lines": [], "start_line": 624}, "DeepagentsBackend._classify_probe_failure": {"executed_lines": [], "summary": {"covered_lines": 0, "num_statements": 5, "percent_covered": 0.0, "percent_covered_display": "0", "missing_lines": 5, "excluded_lines": 0, "percent_statements_covered": 0.0, "percent_statements_covered_display": "0"}, "missing_lines": [654, 655, 656, 678, 679], "excluded_lines": [], "start_line": 653}, "DeepagentsBackend.probe_config": {"executed_lines": [], "summary": {"covered_lines": 0, "num_statements": 17, "percent_covered": 0.0, "percent_covered_display": "0", "missing_lines": 17, "excluded_lines": 0, "percent_statements_covered": 0.0, "percent_statements_covered_display": "0"}, "missing_lines": [687, 688, 689, 695, 696, 700, 707, 714, 715, 716, 724, 735, 736, 737, 738, 746, 757], "excluded_lines": [], "start_line": 681}, "DeepagentsBackend.chat_stream": {"executed_lines": [770, 771, 772, 773, 774, 775, 776, 777, 778, 785, 786, 787, 788, 789, 799, 800, 801, 802, 803, 804, 807], "summary": {"covered_lines": 21, "num_statements": 21, "percent_covered": 100.0, "percent_covered_display": "100", "missing_lines": 0, "excluded_lines": 0, "percent_statements_covered": 100.0, "percent_statements_covered_display": "100"}, "missing_lines": [], "excluded_lines": [], "start_line": 759}, "DeepagentsBackend.run_researcher_writer": {"executed_lines": [], "summary": {"covered_lines": 0, "num_statements": 17, "percent_covered": 0.0, "percent_covered_display": "0", "missing_lines": 17, "excluded_lines": 0, "percent_statements_covered": 0.0, "percent_statements_covered_display": "0"}, "missing_lines": [822, 823, 824, 825, 826, 827, 828, 830, 841, 842, 852, 853, 854, 855, 856, 858, 861], "excluded_lines": [], "start_line": 809}, "AgentManager.__init__": {"executed_lines": [866, 867, 868, 869, 870], "summary": {"covered_lines": 5, "num_statements": 5, "percent_covered": 100.0, "percent_covered_display": "100", "missing_lines": 0, "excluded_lines": 0, "percent_statements_covered": 100.0, "percent_statements_covered_display": "100"}, "missing_lines": [], "excluded_lines": [], "start_line": 865}, "AgentManager.refresh_settings_cache": {"executed_lines": [873, 874, 879, 880, 881, 882], "summary": {"covered_lines": 6, "num_statements": 6, "percent_covered": 100.0, "percent_covered_display": "100", "missing_lines": 0, "excluded_lines": 0, "percent_statements_covered": 100.0, "percent_statements_covered_display": "100"}, "missing_lines": [], "excluded_lines": [], "start_line": 872}, "AgentManager.initialize": {"executed_lines": [885, 886, 890, 891, 892, 893, 894], "summary": {"covered_lines": 7, "num_statements": 7, "percent_covered": 100.0, "percent_covered_display": "100", "missing_lines": 0, "excluded_lines": 0, "percent_statements_covered": 100.0, "percent_statements_covered_display": "100"}, "missing_lines": [], "excluded_lines": [], "start_line": 884}, "AgentManager.available": {"executed_lines": [898], "summary": {"covered_lines": 1, "num_statements": 1, "percent_covered": 100.0, "percent_covered_display": "100", "missing_lines": 0, "excluded_lines": 0, "percent_statements_covered": 100.0, "percent_statements_covered_display": "100"}, "missing_lines": [], "excluded_lines": [], "start_line": 897}, "AgentManager._build_prompt_stats_only": {"executed_lines": [902, 903, 904, 906, 907, 908, 909, 910, 911, 913, 914, 918, 919, 920], "summary": {"covered_lines": 14, "num_statements": 15, "percent_covered": 93.33333333333333, "percent_covered_display": "93", "missing_lines": 1, "excluded_lines": 0, "percent_statements_covered": 93.33333333333333, "percent_statements_covered_display": "93"}, "missing_lines": [912], "excluded_lines": [], "start_line": 900}, "AgentManager._build_prompt": {"executed_lines": [928, 929, 930, 932, 933, 934, 935, 936, 937, 938, 939, 940, 942, 943, 944, 945, 951], "summary": {"covered_lines": 17, "num_statements": 17, "percent_covered": 100.0, "percent_covered_display": "100", "missing_lines": 0, "excluded_lines": 0, "percent_statements_covered": 100.0, "percent_statements_covered_display": "100"}, "missing_lines": [], "excluded_lines": [], "start_line": 927}, "AgentManager._dev_mode_enabled": {"executed_lines": [954], "summary": {"covered_lines": 1, "num_statements": 1, "percent_covered": 100.0, "percent_covered_display": "100", "missing_lines": 0, "excluded_lines": 0, "percent_statements_covered": 100.0, "percent_statements_covered_display": "100"}, "missing_lines": [], "excluded_lines": [], "start_line": 953}, "AgentManager._backend_override": {"executed_lines": [957, 958, 960], "summary": {"covered_lines": 3, "num_statements": 4, "percent_covered": 75.0, "percent_covered_display": "75", "missing_lines": 1, "excluded_lines": 0, "percent_statements_covered": 75.0, "percent_statements_covered_display": "75"}, "missing_lines": [959], "excluded_lines": [], "start_line": 956}, "AgentManager.get_runtime_status": {"executed_lines": [963, 964, 965, 966, 967, 968, 971, 972, 973, 974, 975, 976, 977, 980, 981, 982, 983, 984, 985, 987, 988, 992], "summary": {"covered_lines": 22, "num_statements": 23, "percent_covered": 95.65217391304348, "percent_covered_display": "96", "missing_lines": 1, "excluded_lines": 0, "percent_statements_covered": 95.65217391304348, "percent_statements_covered_display": "96"}, "missing_lines": [978], "excluded_lines": [], "start_line": 962}, "AgentManager.estimate_prompt_tokens": {"executed_lines": [], "summary": {"covered_lines": 0, "num_statements": 3, "percent_covered": 0.0, "percent_covered_display": "0", "missing_lines": 3, "excluded_lines": 0, "percent_statements_covered": 0.0, "percent_statements_covered_display": "0"}, "missing_lines": [1005, 1006, 1007], "excluded_lines": [], "start_line": 1004}, "AgentManager.probe_provider_config": {"executed_lines": [], "summary": {"covered_lines": 0, "num_statements": 1, "percent_covered": 0.0, "percent_covered_display": "0", "missing_lines": 1, "excluded_lines": 0, "percent_statements_covered": 0.0, "percent_statements_covered_display": "0"}, "missing_lines": [1015], "excluded_lines": [], "start_line": 1009}, "AgentManager.chat_stream": {"executed_lines": [1020, 1021, 1024, 1025, 1026, 1030, 1038, 1042, 1043, 1054, 1055, 1056, 1062, 1063, 1064, 1065, 1066, 1067, 1068, 1077, 1079, 1122, 1125, 1127, 1131, 1132, 1133, 1134, 1135, 1136, 1137, 1139, 1140, 1141], "summary": {"covered_lines": 34, "num_statements": 43, "percent_covered": 79.06976744186046, "percent_covered_display": "79", "missing_lines": 9, "excluded_lines": 0, "percent_statements_covered": 79.06976744186046, "percent_statements_covered_display": "79"}, "missing_lines": [1047, 1048, 1052, 1057, 1060, 1061, 1070, 1074, 1075], "excluded_lines": [], "start_line": 1017}, "AgentManager.chat_stream._run_backend": {"executed_lines": [1083, 1084, 1093, 1094, 1095, 1096, 1097, 1105, 1109, 1113, 1115, 1119, 1120], "summary": {"covered_lines": 13, "num_statements": 13, "percent_covered": 100.0, "percent_covered_display": "100", "missing_lines": 0, "excluded_lines": 0, "percent_statements_covered": 100.0, "percent_statements_covered_display": "100"}, "missing_lines": [], "excluded_lines": [], "start_line": 1079}, "AgentManager.chat_stream._cleanup": {"executed_lines": [1128, 1129], "summary": {"covered_lines": 2, "num_statements": 2, "percent_covered": 100.0, "percent_covered_display": "100", "missing_lines": 0, "excluded_lines": 0, "percent_statements_covered": 100.0, "percent_statements_covered_display": "100"}, "missing_lines": [], "excluded_lines": [], "start_line": 1127}, "AgentManager.cancel_stream": {"executed_lines": [], "summary": {"covered_lines": 0, "num_statements": 7, "percent_covered": 0.0, "percent_covered_display": "0", "missing_lines": 7, "excluded_lines": 0, "percent_statements_covered": 0.0, "percent_statements_covered_display": "0"}, "missing_lines": [1144, 1145, 1146, 1147, 1148, 1149, 1150], "excluded_lines": [], "start_line": 1143}, "AgentManager.close_all": {"executed_lines": [1153, 1154, 1155, 1157], "summary": {"covered_lines": 4, "num_statements": 7, "percent_covered": 57.142857142857146, "percent_covered_display": "57", "missing_lines": 3, "excluded_lines": 0, "percent_statements_covered": 57.142857142857146, "percent_statements_covered_display": "57"}, "missing_lines": [1156, 1158, 1159], "excluded_lines": [], "start_line": 1152}, "": {"executed_lines": [1, 3, 4, 5, 6, 7, 8, 9, 10, 11, 12, 14, 16, 17, 24, 25, 26, 27, 33, 35, 38, 48, 49, 54, 55, 58, 59, 60, 61, 62, 63, 64, 65, 66, 67, 68, 71, 72, 77, 84, 85, 90, 181, 182, 194, 195, 201, 202, 210, 211, 219, 220, 225, 226, 245, 246, 256, 257, 260, 261, 264, 270, 276, 291, 297, 317, 326, 334, 344, 355, 359, 372, 397, 417, 490, 570, 586, 609, 624, 653, 681, 759, 809, 864, 865, 872, 884, 896, 897, 900, 927, 953, 956, 962, 1004, 1009, 1017, 1143, 1152], "summary": {"covered_lines": 99, "num_statements": 99, "percent_covered": 100.0, "percent_covered_display": "100", "missing_lines": 0, "excluded_lines": 0, "percent_statements_covered": 100.0, "percent_statements_covered_display": "100"}, "missing_lines": [], "excluded_lines": [], "start_line": 1}}, "classes": {"AgentRuntimeStatus": {"executed_lines": [], "summary": {"covered_lines": 0, "num_statements": 0, "percent_covered": 100.0, "percent_covered_display": "100", "missing_lines": 0, "excluded_lines": 0, "percent_statements_covered": 100.0, "percent_statements_covered_display": "100"}, "missing_lines": [], "excluded_lines": [], "start_line": 59}, "ClaudeSdkBackend": {"executed_lines": [73, 74, 75, 78, 80, 81, 82, 86, 101, 102, 103, 104, 105, 106, 108, 110, 114, 115, 117, 126, 127, 128, 129, 130, 131, 132, 134, 135, 136, 137, 138, 139, 142, 143, 144, 148, 151, 152, 153, 157, 158, 160, 166, 167, 177, 178], "summary": {"covered_lines": 46, "num_statements": 55, "percent_covered": 83.63636363636364, "percent_covered_display": "84", "missing_lines": 9, "excluded_lines": 0, "percent_statements_covered": 83.63636363636364, "percent_statements_covered_display": "84"}, "missing_lines": [111, 112, 133, 149, 150, 154, 155, 156, 161], "excluded_lines": [], "start_line": 71}, "DeepagentsBackend": {"executed_lines": [183, 184, 185, 186, 187, 188, 189, 190, 191, 192, 196, 203, 204, 205, 206, 207, 208, 212, 213, 214, 215, 216, 217, 221, 227, 228, 232, 233, 234, 235, 236, 238, 240, 243, 251, 258, 262, 265, 271, 272, 273, 274, 277, 278, 279, 280, 281, 282, 283, 284, 285, 286, 287, 288, 289, 292, 293, 294, 295, 298, 299, 300, 301, 302, 303, 304, 305, 306, 307, 308, 318, 319, 320, 321, 322, 324, 327, 328, 335, 337, 338, 342, 345, 346, 347, 350, 352, 353, 356, 357, 364, 365, 366, 367, 368, 374, 375, 379, 380, 381, 399, 400, 404, 405, 406, 407, 408, 425, 426, 428, 429, 430, 433, 434, 435, 441, 444, 445, 446, 450, 451, 452, 454, 455, 457, 458, 459, 461, 462, 467, 468, 469, 470, 471, 483, 486, 487, 488, 491, 494, 495, 496, 497, 498, 501, 517, 518, 519, 520, 525, 526, 527, 528, 529, 530, 538, 539, 540, 543, 545, 546, 547, 548, 549, 550, 551, 552, 553, 554, 555, 560, 561, 562, 563, 564, 565, 568, 571, 584, 594, 598, 599, 600, 607, 770, 771, 772, 773, 774, 775, 776, 777, 778, 785, 786, 787, 788, 789, 799, 800, 801, 802, 803, 804, 807], "summary": {"covered_lines": 205, "num_statements": 317, "percent_covered": 64.66876971608833, "percent_covered_display": "65", "missing_lines": 112, "excluded_lines": 0, "percent_statements_covered": 64.66876971608833, "percent_statements_covered_display": "65"}, "missing_lines": [237, 239, 241, 242, 323, 336, 351, 383, 384, 386, 387, 388, 389, 395, 409, 410, 411, 412, 415, 427, 436, 440, 472, 473, 474, 475, 478, 482, 484, 485, 492, 493, 502, 503, 504, 505, 506, 507, 508, 511, 572, 573, 574, 575, 576, 577, 578, 579, 583, 602, 603, 604, 605, 606, 610, 612, 614, 615, 617, 619, 620, 622, 625, 631, 632, 633, 634, 635, 637, 640, 641, 642, 646, 654, 655, 656, 678, 679, 687, 688, 689, 695, 696, 700, 707, 714, 715, 716, 724, 735, 736, 737, 738, 746, 757, 822, 823, 824, 825, 826, 827, 828, 830, 841, 842, 852, 853, 854, 855, 856, 858, 861], "excluded_lines": [], "start_line": 181}, "AgentManager": {"executed_lines": [866, 867, 868, 869, 870, 873, 874, 879, 880, 881, 882, 885, 886, 890, 891, 892, 893, 894, 898, 902, 903, 904, 906, 907, 908, 909, 910, 911, 913, 914, 918, 919, 920, 928, 929, 930, 932, 933, 934, 935, 936, 937, 938, 939, 940, 942, 943, 944, 945, 951, 954, 957, 958, 960, 963, 964, 965, 966, 967, 968, 971, 972, 973, 974, 975, 976, 977, 980, 981, 982, 983, 984, 985, 987, 988, 992, 1020, 1021, 1024, 1025, 1026, 1030, 1038, 1042, 1043, 1054, 1055, 1056, 1062, 1063, 1064, 1065, 1066, 1067, 1068, 1077, 1079, 1083, 1084, 1093, 1094, 1095, 1096, 1097, 1105, 1109, 1113, 1115, 1119, 1120, 1122, 1125, 1127, 1128, 1129, 1131, 1132, 1133, 1134, 1135, 1136, 1137, 1139, 1140, 1141, 1153, 1154, 1155, 1157], "summary": {"covered_lines": 129, "num_statements": 155, "percent_covered": 83.2258064516129, "percent_covered_display": "83", "missing_lines": 26, "excluded_lines": 0, "percent_statements_covered": 83.2258064516129, "percent_statements_covered_display": "83"}, "missing_lines": [912, 959, 978, 1005, 1006, 1007, 1015, 1047, 1048, 1052, 1057, 1060, 1061, 1070, 1074, 1075, 1144, 1145, 1146, 1147, 1148, 1149, 1150, 1156, 1158, 1159], "excluded_lines": [], "start_line": 864}, "": {"executed_lines": [1, 3, 4, 5, 6, 7, 8, 9, 10, 11, 12, 14, 16, 17, 24, 25, 26, 27, 33, 35, 38, 40, 41, 42, 43, 44, 45, 48, 49, 54, 55, 58, 59, 60, 61, 62, 63, 64, 65, 66, 67, 68, 71, 72, 77, 84, 85, 90, 181, 182, 194, 195, 201, 202, 210, 211, 219, 220, 225, 226, 245, 246, 256, 257, 260, 261, 264, 270, 276, 291, 297, 317, 326, 334, 344, 355, 359, 372, 397, 417, 490, 570, 586, 609, 624, 653, 681, 759, 809, 864, 865, 872, 884, 896, 897, 900, 927, 953, 956, 962, 1004, 1009, 1017, 1143, 1152], "summary": {"covered_lines": 105, "num_statements": 105, "percent_covered": 100.0, "percent_covered_display": "100", "missing_lines": 0, "excluded_lines": 0, "percent_statements_covered": 100.0, "percent_statements_covered_display": "100"}, "missing_lines": [], "excluded_lines": [], "start_line": 1}}}, "src/agent/models.py": {"executed_lines": [1, 3, 10], "summary": {"covered_lines": 3, "num_statements": 3, "percent_covered": 100.0, "percent_covered_display": "100", "missing_lines": 0, "excluded_lines": 0, "percent_statements_covered": 100.0, "percent_statements_covered_display": "100"}, "missing_lines": [], "excluded_lines": [], "functions": {"": {"executed_lines": [1, 3, 10], "summary": {"covered_lines": 3, "num_statements": 3, "percent_covered": 100.0, "percent_covered_display": "100", "missing_lines": 0, "excluded_lines": 0, "percent_statements_covered": 100.0, "percent_statements_covered_display": "100"}, "missing_lines": [], "excluded_lines": [], "start_line": 1}}, "classes": {"": {"executed_lines": [1, 3, 10], "summary": {"covered_lines": 3, "num_statements": 3, "percent_covered": 100.0, "percent_covered_display": "100", "missing_lines": 0, "excluded_lines": 0, "percent_statements_covered": 100.0, "percent_statements_covered_display": "100"}, "missing_lines": [], "excluded_lines": [], "start_line": 1}}}, "src/agent/prompt_template.py": {"executed_lines": [1, 3, 4, 5, 7, 8, 9, 15, 22, 27, 31, 32, 33, 34, 40, 41, 42, 43, 44, 46, 47, 54, 59, 67, 68, 69, 70, 71, 72, 73, 74, 75, 76, 77, 78, 79, 80, 84, 85, 93, 94, 95], "summary": {"covered_lines": 42, "num_statements": 47, "percent_covered": 89.36170212765957, "percent_covered_display": "89", "missing_lines": 5, "excluded_lines": 0, "percent_statements_covered": 89.36170212765957, "percent_statements_covered_display": "89"}, "missing_lines": [35, 36, 48, 49, 82], "excluded_lines": [], "functions": {"validate_prompt_template": {"executed_lines": [32, 33, 34, 40, 41, 42, 43, 44, 46, 47], "summary": {"covered_lines": 10, "num_statements": 14, "percent_covered": 71.42857142857143, "percent_covered_display": "71", "missing_lines": 4, "excluded_lines": 0, "percent_statements_covered": 71.42857142857143, "percent_statements_covered_display": "71"}, "missing_lines": [35, 36, 48, 49], "excluded_lines": [], "start_line": 31}, "build_prompt_template_context": {"executed_lines": [59, 67, 68, 69, 70, 71, 72, 73, 74, 75, 76, 77, 78, 79, 80, 84, 85], "summary": {"covered_lines": 17, "num_statements": 18, "percent_covered": 94.44444444444444, "percent_covered_display": "94", "missing_lines": 1, "excluded_lines": 0, "percent_statements_covered": 94.44444444444444, "percent_statements_covered_display": "94"}, "missing_lines": [82], "excluded_lines": [], "start_line": 54}, "render_prompt_template": {"executed_lines": [94, 95], "summary": {"covered_lines": 2, "num_statements": 2, "percent_covered": 100.0, "percent_covered_display": "100", "missing_lines": 0, "excluded_lines": 0, "percent_statements_covered": 100.0, "percent_statements_covered_display": "100"}, "missing_lines": [], "excluded_lines": [], "start_line": 93}, "": {"executed_lines": [1, 3, 4, 5, 7, 8, 9, 15, 22, 27, 31, 54, 93], "summary": {"covered_lines": 13, "num_statements": 13, "percent_covered": 100.0, "percent_covered_display": "100", "missing_lines": 0, "excluded_lines": 0, "percent_statements_covered": 100.0, "percent_statements_covered_display": "100"}, "missing_lines": [], "excluded_lines": [], "start_line": 1}}, "classes": {"PromptTemplateError": {"executed_lines": [], "summary": {"covered_lines": 0, "num_statements": 0, "percent_covered": 100.0, "percent_covered_display": "100", "missing_lines": 0, "excluded_lines": 0, "percent_statements_covered": 100.0, "percent_statements_covered_display": "100"}, "missing_lines": [], "excluded_lines": [], "start_line": 27}, "": {"executed_lines": [1, 3, 4, 5, 7, 8, 9, 15, 22, 27, 31, 32, 33, 34, 40, 41, 42, 43, 44, 46, 47, 54, 59, 67, 68, 69, 70, 71, 72, 73, 74, 75, 76, 77, 78, 79, 80, 84, 85, 93, 94, 95], "summary": {"covered_lines": 42, "num_statements": 47, "percent_covered": 89.36170212765957, "percent_covered_display": "89", "missing_lines": 5, "excluded_lines": 0, "percent_statements_covered": 89.36170212765957, "percent_statements_covered_display": "89"}, "missing_lines": [35, 36, 48, 49, 82], "excluded_lines": [], "start_line": 1}}}, "src/agent/provider_registry.py": {"executed_lines": [1, 3, 5, 8, 9, 10, 11, 12, 13, 14, 15, 18, 19, 20, 21, 22, 23, 24, 25, 27, 28, 32, 41, 51, 262, 265, 266, 269, 270, 271, 272, 273, 274, 275, 276, 277, 279, 280, 281, 282, 283], "summary": {"covered_lines": 41, "num_statements": 42, "percent_covered": 97.61904761904762, "percent_covered_display": "98", "missing_lines": 1, "excluded_lines": 0, "percent_statements_covered": 97.61904761904762, "percent_statements_covered_display": "98"}, "missing_lines": [29], "excluded_lines": [], "functions": {"ProviderSpec.all_fields": {"executed_lines": [], "summary": {"covered_lines": 0, "num_statements": 1, "percent_covered": 0.0, "percent_covered_display": "0", "missing_lines": 1, "excluded_lines": 0, "percent_statements_covered": 0.0, "percent_statements_covered_display": "0"}, "missing_lines": [29], "excluded_lines": [], "start_line": 28}, "_field": {"executed_lines": [41], "summary": {"covered_lines": 1, "num_statements": 1, "percent_covered": 100.0, "percent_covered_display": "100", "missing_lines": 0, "excluded_lines": 0, "percent_statements_covered": 100.0, "percent_statements_covered_display": "100"}, "missing_lines": [], "excluded_lines": [], "start_line": 32}, "provider_spec": {"executed_lines": [266], "summary": {"covered_lines": 1, "num_statements": 1, "percent_covered": 100.0, "percent_covered_display": "100", "missing_lines": 0, "excluded_lines": 0, "percent_statements_covered": 100.0, "percent_statements_covered_display": "100"}, "missing_lines": [], "excluded_lines": [], "start_line": 265}, "ProviderRuntimeConfig.model_name": {"executed_lines": [281, 282, 283], "summary": {"covered_lines": 3, "num_statements": 3, "percent_covered": 100.0, "percent_covered_display": "100", "missing_lines": 0, "excluded_lines": 0, "percent_statements_covered": 100.0, "percent_statements_covered_display": "100"}, "missing_lines": [], "excluded_lines": [], "start_line": 280}, "": {"executed_lines": [1, 3, 5, 8, 9, 10, 11, 12, 13, 14, 15, 18, 19, 20, 21, 22, 23, 24, 25, 27, 28, 32, 51, 262, 265, 269, 270, 271, 272, 273, 274, 275, 276, 277, 279, 280], "summary": {"covered_lines": 36, "num_statements": 36, "percent_covered": 100.0, "percent_covered_display": "100", "missing_lines": 0, "excluded_lines": 0, "percent_statements_covered": 100.0, "percent_statements_covered_display": "100"}, "missing_lines": [], "excluded_lines": [], "start_line": 1}}, "classes": {"ProviderFieldSpec": {"executed_lines": [], "summary": {"covered_lines": 0, "num_statements": 0, "percent_covered": 100.0, "percent_covered_display": "100", "missing_lines": 0, "excluded_lines": 0, "percent_statements_covered": 100.0, "percent_statements_covered_display": "100"}, "missing_lines": [], "excluded_lines": [], "start_line": 9}, "ProviderSpec": {"executed_lines": [], "summary": {"covered_lines": 0, "num_statements": 1, "percent_covered": 0.0, "percent_covered_display": "0", "missing_lines": 1, "excluded_lines": 0, "percent_statements_covered": 0.0, "percent_statements_covered_display": "0"}, "missing_lines": [29], "excluded_lines": [], "start_line": 19}, "ProviderRuntimeConfig": {"executed_lines": [281, 282, 283], "summary": {"covered_lines": 3, "num_statements": 3, "percent_covered": 100.0, "percent_covered_display": "100", "missing_lines": 0, "excluded_lines": 0, "percent_statements_covered": 100.0, "percent_statements_covered_display": "100"}, "missing_lines": [], "excluded_lines": [], "start_line": 270}, "": {"executed_lines": [1, 3, 5, 8, 9, 10, 11, 12, 13, 14, 15, 18, 19, 20, 21, 22, 23, 24, 25, 27, 28, 32, 41, 51, 262, 265, 266, 269, 270, 271, 272, 273, 274, 275, 276, 277, 279, 280], "summary": {"covered_lines": 38, "num_statements": 38, "percent_covered": 100.0, "percent_covered_display": "100", "missing_lines": 0, "excluded_lines": 0, "percent_statements_covered": 100.0, "percent_statements_covered_display": "100"}, "missing_lines": [], "excluded_lines": [], "start_line": 1}}}, "src/agent/tools.py": {"executed_lines": [1, 3, 5, 6, 9, 11, 13, 21, 22, 23, 27, 28, 29, 30, 32, 37, 38, 39, 40, 41, 42, 49, 50, 51, 53, 58, 59, 60, 61, 62, 63, 64, 71, 72, 73, 75, 76, 77, 78, 79, 80, 82, 83, 84, 85, 86, 89, 90, 91, 92, 94, 99, 134], "summary": {"covered_lines": 53, "num_statements": 82, "percent_covered": 64.63414634146342, "percent_covered_display": "65", "missing_lines": 29, "excluded_lines": 0, "percent_statements_covered": 64.63414634146342, "percent_statements_covered_display": "65"}, "missing_lines": [100, 101, 102, 103, 104, 105, 106, 107, 109, 110, 111, 112, 113, 114, 115, 116, 117, 118, 119, 120, 121, 123, 124, 125, 126, 127, 130, 131, 132], "excluded_lines": [], "functions": {"make_mcp_server": {"executed_lines": [11, 13, 32, 37, 53, 58, 75, 76, 94, 99, 134], "summary": {"covered_lines": 11, "num_statements": 11, "percent_covered": 100.0, "percent_covered_display": "100", "missing_lines": 0, "excluded_lines": 0, "percent_statements_covered": 100.0, "percent_statements_covered_display": "100"}, "missing_lines": [], "excluded_lines": [], "start_line": 9}, "make_mcp_server._render_search_result": {"executed_lines": [21, 22, 23, 27, 28, 29, 30], "summary": {"covered_lines": 7, "num_statements": 7, "percent_covered": 100.0, "percent_covered_display": "100", "missing_lines": 0, "excluded_lines": 0, "percent_statements_covered": 100.0, "percent_statements_covered_display": "100"}, "missing_lines": [], "excluded_lines": [], "start_line": 13}, "make_mcp_server.search_messages": {"executed_lines": [38, 39, 40, 41, 42, 49, 50, 51], "summary": {"covered_lines": 8, "num_statements": 8, "percent_covered": 100.0, "percent_covered_display": "100", "missing_lines": 0, "excluded_lines": 0, "percent_statements_covered": 100.0, "percent_statements_covered_display": "100"}, "missing_lines": [], "excluded_lines": [], "start_line": 37}, "make_mcp_server.semantic_search": {"executed_lines": [59, 60, 61, 62, 63, 64, 71, 72, 73], "summary": {"covered_lines": 9, "num_statements": 9, "percent_covered": 100.0, "percent_covered_display": "100", "missing_lines": 0, "excluded_lines": 0, "percent_statements_covered": 100.0, "percent_statements_covered_display": "100"}, "missing_lines": [], "excluded_lines": [], "start_line": 58}, "make_mcp_server.get_channels": {"executed_lines": [77, 78, 79, 80, 82, 83, 84, 85, 86, 89, 90, 91, 92], "summary": {"covered_lines": 13, "num_statements": 13, "percent_covered": 100.0, "percent_covered_display": "100", "missing_lines": 0, "excluded_lines": 0, "percent_statements_covered": 100.0, "percent_statements_covered_display": "100"}, "missing_lines": [], "excluded_lines": [], "start_line": 76}, "make_mcp_server.generate_draft": {"executed_lines": [], "summary": {"covered_lines": 0, "num_statements": 29, "percent_covered": 0.0, "percent_covered_display": "0", "missing_lines": 29, "excluded_lines": 0, "percent_statements_covered": 0.0, "percent_statements_covered_display": "0"}, "missing_lines": [100, 101, 102, 103, 104, 105, 106, 107, 109, 110, 111, 112, 113, 114, 115, 116, 117, 118, 119, 120, 121, 123, 124, 125, 126, 127, 130, 131, 132], "excluded_lines": [], "start_line": 99}, "": {"executed_lines": [1, 3, 5, 6, 9], "summary": {"covered_lines": 5, "num_statements": 5, "percent_covered": 100.0, "percent_covered_display": "100", "missing_lines": 0, "excluded_lines": 0, "percent_statements_covered": 100.0, "percent_statements_covered_display": "100"}, "missing_lines": [], "excluded_lines": [], "start_line": 1}}, "classes": {"": {"executed_lines": [1, 3, 5, 6, 9, 11, 13, 21, 22, 23, 27, 28, 29, 30, 32, 37, 38, 39, 40, 41, 42, 49, 50, 51, 53, 58, 59, 60, 61, 62, 63, 64, 71, 72, 73, 75, 76, 77, 78, 79, 80, 82, 83, 84, 85, 86, 89, 90, 91, 92, 94, 99, 134], "summary": {"covered_lines": 53, "num_statements": 82, "percent_covered": 64.63414634146342, "percent_covered_display": "65", "missing_lines": 29, "excluded_lines": 0, "percent_statements_covered": 64.63414634146342, "percent_statements_covered_display": "65"}, "missing_lines": [100, 101, 102, 103, 104, 105, 106, 107, 109, 110, 111, 112, 113, 114, 115, 116, 117, 118, 119, 120, 121, 123, 124, 125, 126, 127, 130, 131, 132], "excluded_lines": [], "start_line": 1}}}, "src/cli/__init__.py": {"executed_lines": [1, 3], "summary": {"covered_lines": 2, "num_statements": 2, "percent_covered": 100.0, "percent_covered_display": "100", "missing_lines": 0, "excluded_lines": 0, "percent_statements_covered": 100.0, "percent_statements_covered_display": "100"}, "missing_lines": [], "excluded_lines": [], "functions": {"": {"executed_lines": [1, 3], "summary": {"covered_lines": 2, "num_statements": 2, "percent_covered": 100.0, "percent_covered_display": "100", "missing_lines": 0, "excluded_lines": 0, "percent_statements_covered": 100.0, "percent_statements_covered_display": "100"}, "missing_lines": [], "excluded_lines": [], "start_line": 1}}, "classes": {"": {"executed_lines": [1, 3], "summary": {"covered_lines": 2, "num_statements": 2, "percent_covered": 100.0, "percent_covered_display": "100", "missing_lines": 0, "excluded_lines": 0, "percent_statements_covered": 100.0, "percent_statements_covered_display": "100"}, "missing_lines": [], "excluded_lines": [], "start_line": 1}}}, "src/cli/commands/__init__.py": {"executed_lines": [1], "summary": {"covered_lines": 1, "num_statements": 1, "percent_covered": 100.0, "percent_covered_display": "100", "missing_lines": 0, "excluded_lines": 0, "percent_statements_covered": 100.0, "percent_statements_covered_display": "100"}, "missing_lines": [], "excluded_lines": [], "functions": {"": {"executed_lines": [1], "summary": {"covered_lines": 1, "num_statements": 1, "percent_covered": 100.0, "percent_covered_display": "100", "missing_lines": 0, "excluded_lines": 0, "percent_statements_covered": 100.0, "percent_statements_covered_display": "100"}, "missing_lines": [], "excluded_lines": [], "start_line": 1}}, "classes": {"": {"executed_lines": [1], "summary": {"covered_lines": 1, "num_statements": 1, "percent_covered": 100.0, "percent_covered_display": "100", "missing_lines": 0, "excluded_lines": 0, "percent_statements_covered": 100.0, "percent_statements_covered_display": "100"}, "missing_lines": [], "excluded_lines": [], "start_line": 1}}}, "src/cli/commands/account.py": {"executed_lines": [1, 3, 4, 5, 7, 10, 11, 12, 13, 14, 15, 16, 17, 18, 19, 20, 21, 22, 23, 24, 25, 26, 27, 28, 29, 30, 31, 32, 33, 34, 35, 36, 54, 55, 56, 57, 58, 59, 60, 61, 62, 63, 64, 65, 66, 67, 68, 69, 70, 71, 72, 73, 74, 75, 76, 77, 78, 80, 81, 83, 84, 85, 86, 90, 91, 92, 93, 94, 95, 96, 97, 98, 100, 101, 102, 104], "summary": {"covered_lines": 76, "num_statements": 88, "percent_covered": 86.36363636363636, "percent_covered_display": "86", "missing_lines": 12, "excluded_lines": 0, "percent_statements_covered": 86.36363636363636, "percent_statements_covered_display": "86"}, "missing_lines": [37, 38, 39, 40, 41, 42, 43, 44, 45, 82, 88, 89], "excluded_lines": [], "functions": {"run": {"executed_lines": [11, 104], "summary": {"covered_lines": 2, "num_statements": 2, "percent_covered": 100.0, "percent_covered_display": "100", "missing_lines": 0, "excluded_lines": 0, "percent_statements_covered": 100.0, "percent_statements_covered_display": "100"}, "missing_lines": [], "excluded_lines": [], "start_line": 10}, "run._run": {"executed_lines": [12, 13, 14, 15, 16, 17, 18, 19, 20, 21, 22, 23, 24, 25, 26, 27, 28, 29, 30, 31, 32, 33, 34, 35, 36, 54, 55, 56, 57, 58, 59, 60, 61, 62, 63, 64, 65, 66, 67, 68, 69, 70, 71, 72, 73, 74, 75, 76, 77, 78, 80, 81, 83, 84, 85, 86, 90, 91, 92, 93, 94, 95, 96, 97, 98, 100, 101, 102], "summary": {"covered_lines": 68, "num_statements": 80, "percent_covered": 85.0, "percent_covered_display": "85", "missing_lines": 12, "excluded_lines": 0, "percent_statements_covered": 85.0, "percent_statements_covered_display": "85"}, "missing_lines": [37, 38, 39, 40, 41, 42, 43, 44, 45, 82, 88, 89], "excluded_lines": [], "start_line": 11}, "": {"executed_lines": [1, 3, 4, 5, 7, 10], "summary": {"covered_lines": 6, "num_statements": 6, "percent_covered": 100.0, "percent_covered_display": "100", "missing_lines": 0, "excluded_lines": 0, "percent_statements_covered": 100.0, "percent_statements_covered_display": "100"}, "missing_lines": [], "excluded_lines": [], "start_line": 1}}, "classes": {"": {"executed_lines": [1, 3, 4, 5, 7, 10, 11, 12, 13, 14, 15, 16, 17, 18, 19, 20, 21, 22, 23, 24, 25, 26, 27, 28, 29, 30, 31, 32, 33, 34, 35, 36, 54, 55, 56, 57, 58, 59, 60, 61, 62, 63, 64, 65, 66, 67, 68, 69, 70, 71, 72, 73, 74, 75, 76, 77, 78, 80, 81, 83, 84, 85, 86, 90, 91, 92, 93, 94, 95, 96, 97, 98, 100, 101, 102, 104], "summary": {"covered_lines": 76, "num_statements": 88, "percent_covered": 86.36363636363636, "percent_covered_display": "86", "missing_lines": 12, "excluded_lines": 0, "percent_statements_covered": 86.36363636363636, "percent_statements_covered_display": "86"}, "missing_lines": [37, 38, 39, 40, 41, 42, 43, 44, 45, 82, 88, 89], "excluded_lines": [], "start_line": 1}}}, "src/cli/commands/agent.py": {"executed_lines": [1, 3, 4, 5, 6, 8, 10, 12, 26, 27, 29, 30, 31, 34, 36, 37, 39, 40, 41, 42, 43, 44, 45, 46, 47, 48, 51, 52, 53, 54, 55, 59, 63, 64, 65, 66, 71, 72, 75, 76, 77, 78, 79, 81, 82, 83, 84, 86, 87, 89, 90, 91, 92, 94, 95, 96, 98, 99, 101, 102, 104, 105, 107, 109, 110, 111, 113, 114, 115, 116, 117, 118, 119, 122, 123, 124, 125, 126, 127, 128, 133, 134, 136, 137, 138, 140, 141, 142, 143, 144, 145, 147, 148, 149, 150, 152, 153, 154, 155, 156, 158, 164, 165, 167, 168, 170, 172, 174, 175, 181, 188, 189, 192, 193, 195, 197], "summary": {"covered_lines": 116, "num_statements": 134, "percent_covered": 86.56716417910448, "percent_covered_display": "87", "missing_lines": 18, "excluded_lines": 0, "percent_statements_covered": 86.56716417910448, "percent_statements_covered_display": "87"}, "missing_lines": [32, 33, 49, 50, 56, 57, 60, 61, 67, 68, 69, 120, 121, 129, 130, 131, 182, 190], "excluded_lines": [], "functions": {"_test_escaping": {"executed_lines": [27, 29, 30, 31, 34, 36, 37, 39, 40, 41, 42, 43, 44, 45, 46, 47, 48, 51, 52, 53, 54, 55, 59, 63, 64, 65, 66, 71, 72], "summary": {"covered_lines": 29, "num_statements": 40, "percent_covered": 72.5, "percent_covered_display": "72", "missing_lines": 11, "excluded_lines": 0, "percent_statements_covered": 72.5, "percent_statements_covered_display": "72"}, "missing_lines": [32, 33, 49, 50, 56, 57, 60, 61, 67, 68, 69], "excluded_lines": [], "start_line": 26}, "run": {"executed_lines": [76, 197], "summary": {"covered_lines": 2, "num_statements": 2, "percent_covered": 100.0, "percent_covered_display": "100", "missing_lines": 0, "excluded_lines": 0, "percent_statements_covered": 100.0, "percent_statements_covered_display": "100"}, "missing_lines": [], "excluded_lines": [], "start_line": 75}, "run._run": {"executed_lines": [77, 78, 79, 81, 82, 83, 84, 86, 87, 89, 90, 91, 92, 94, 95, 96, 98, 99, 101, 102, 104, 105, 107, 109, 110, 111, 113, 114, 115, 116, 117, 118, 119, 122, 123, 124, 125, 126, 127, 128, 133, 134, 136, 137, 138, 140, 141, 142, 143, 144, 145, 147, 148, 149, 150, 152, 153, 154, 155, 156, 158, 164, 165, 167, 168, 170, 172, 174, 175, 181, 188, 189, 192, 193, 195], "summary": {"covered_lines": 75, "num_statements": 82, "percent_covered": 91.46341463414635, "percent_covered_display": "91", "missing_lines": 7, "excluded_lines": 0, "percent_statements_covered": 91.46341463414635, "percent_statements_covered_display": "91"}, "missing_lines": [120, 121, 129, 130, 131, 182, 190], "excluded_lines": [], "start_line": 76}, "": {"executed_lines": [1, 3, 4, 5, 6, 8, 10, 12, 26, 75], "summary": {"covered_lines": 10, "num_statements": 10, "percent_covered": 100.0, "percent_covered_display": "100", "missing_lines": 0, "excluded_lines": 0, "percent_statements_covered": 100.0, "percent_statements_covered_display": "100"}, "missing_lines": [], "excluded_lines": [], "start_line": 1}}, "classes": {"": {"executed_lines": [1, 3, 4, 5, 6, 8, 10, 12, 26, 27, 29, 30, 31, 34, 36, 37, 39, 40, 41, 42, 43, 44, 45, 46, 47, 48, 51, 52, 53, 54, 55, 59, 63, 64, 65, 66, 71, 72, 75, 76, 77, 78, 79, 81, 82, 83, 84, 86, 87, 89, 90, 91, 92, 94, 95, 96, 98, 99, 101, 102, 104, 105, 107, 109, 110, 111, 113, 114, 115, 116, 117, 118, 119, 122, 123, 124, 125, 126, 127, 128, 133, 134, 136, 137, 138, 140, 141, 142, 143, 144, 145, 147, 148, 149, 150, 152, 153, 154, 155, 156, 158, 164, 165, 167, 168, 170, 172, 174, 175, 181, 188, 189, 192, 193, 195, 197], "summary": {"covered_lines": 116, "num_statements": 134, "percent_covered": 86.56716417910448, "percent_covered_display": "87", "missing_lines": 18, "excluded_lines": 0, "percent_statements_covered": 86.56716417910448, "percent_statements_covered_display": "87"}, "missing_lines": [32, 33, 49, 50, 56, 57, 60, 61, 67, 68, 69, 120, 121, 129, 130, 131, 182, 190], "excluded_lines": [], "start_line": 1}}}, "src/cli/commands/analytics.py": {"executed_lines": [1, 3, 4, 6, 9, 10, 11, 12, 13, 14, 15, 17, 18, 19, 20, 21, 22, 23, 24, 25, 26, 27, 32, 33, 34, 36, 37, 38, 39, 40, 41, 42, 43, 44, 49, 50, 51, 52, 53, 54, 55, 56, 57, 62, 64], "summary": {"covered_lines": 45, "num_statements": 45, "percent_covered": 100.0, "percent_covered_display": "100", "missing_lines": 0, "excluded_lines": 0, "percent_statements_covered": 100.0, "percent_statements_covered_display": "100"}, "missing_lines": [], "excluded_lines": [], "functions": {"run": {"executed_lines": [10, 64], "summary": {"covered_lines": 2, "num_statements": 2, "percent_covered": 100.0, "percent_covered_display": "100", "missing_lines": 0, "excluded_lines": 0, "percent_statements_covered": 100.0, "percent_statements_covered_display": "100"}, "missing_lines": [], "excluded_lines": [], "start_line": 9}, "run._run": {"executed_lines": [11, 12, 13, 14, 15, 17, 18, 19, 20, 21, 22, 23, 24, 25, 26, 27, 32, 33, 34, 36, 37, 38, 39, 40, 41, 42, 43, 44, 49, 50, 51, 52, 53, 54, 55, 56, 57, 62], "summary": {"covered_lines": 38, "num_statements": 38, "percent_covered": 100.0, "percent_covered_display": "100", "missing_lines": 0, "excluded_lines": 0, "percent_statements_covered": 100.0, "percent_statements_covered_display": "100"}, "missing_lines": [], "excluded_lines": [], "start_line": 10}, "": {"executed_lines": [1, 3, 4, 6, 9], "summary": {"covered_lines": 5, "num_statements": 5, "percent_covered": 100.0, "percent_covered_display": "100", "missing_lines": 0, "excluded_lines": 0, "percent_statements_covered": 100.0, "percent_statements_covered_display": "100"}, "missing_lines": [], "excluded_lines": [], "start_line": 1}}, "classes": {"": {"executed_lines": [1, 3, 4, 6, 9, 10, 11, 12, 13, 14, 15, 17, 18, 19, 20, 21, 22, 23, 24, 25, 26, 27, 32, 33, 34, 36, 37, 38, 39, 40, 41, 42, 43, 44, 49, 50, 51, 52, 53, 54, 55, 56, 57, 62, 64], "summary": {"covered_lines": 45, "num_statements": 45, "percent_covered": 100.0, "percent_covered_display": "100", "missing_lines": 0, "excluded_lines": 0, "percent_statements_covered": 100.0, "percent_statements_covered_display": "100"}, "missing_lines": [], "excluded_lines": [], "start_line": 1}}}, "src/cli/commands/channel.py": {"executed_lines": [1, 3, 4, 5, 6, 8, 9, 10, 11, 12, 13, 16, 17, 18, 19, 21, 22, 77, 78, 79, 80, 81, 82, 83, 84, 85, 86, 87, 89, 90, 91, 92, 93, 95, 96, 105, 106, 107, 108, 110, 111, 112, 113, 116, 117, 119, 120, 121, 122, 123, 124, 125, 126, 127, 129, 130, 131, 132, 133, 135, 137, 138, 139, 140, 142, 143, 147, 148, 150, 151, 152, 153, 154, 155, 156, 157, 158, 164, 165, 166, 167, 168, 169, 170, 171, 173, 174, 183, 184, 185, 186, 188, 193, 194, 195, 196, 197, 198, 200, 201, 202, 203, 204, 205, 207, 208, 209, 210, 211, 212, 213, 214, 222, 224, 225, 226, 229, 230, 231, 233, 234, 235, 236, 237, 238, 239, 240, 241, 243, 244, 245, 246, 247, 248, 249, 250, 251, 252, 253, 254, 255, 258, 259, 260, 261, 262, 263, 264, 265, 266, 267, 268, 269, 270, 271, 272, 273, 275, 276, 277, 278, 279, 280, 281, 282, 283, 284, 285, 286, 287, 288, 289, 290, 295, 296, 297, 302, 304, 305, 306, 308], "summary": {"covered_lines": 181, "num_statements": 211, "percent_covered": 85.78199052132702, "percent_covered_display": "86", "missing_lines": 30, "excluded_lines": 0, "percent_statements_covered": 85.78199052132702, "percent_statements_covered_display": "86"}, "missing_lines": [23, 24, 25, 26, 27, 28, 32, 46, 47, 48, 49, 50, 52, 53, 54, 55, 56, 59, 60, 88, 114, 115, 144, 145, 159, 160, 161, 162, 227, 228], "excluded_lines": [], "functions": {"run": {"executed_lines": [17, 308], "summary": {"covered_lines": 2, "num_statements": 2, "percent_covered": 100.0, "percent_covered_display": "100", "missing_lines": 0, "excluded_lines": 0, "percent_statements_covered": 100.0, "percent_statements_covered_display": "100"}, "missing_lines": [], "excluded_lines": [], "start_line": 16}, "run._run": {"executed_lines": [18, 19, 21, 22, 77, 78, 79, 80, 81, 82, 83, 84, 85, 86, 87, 89, 90, 91, 92, 93, 95, 96, 105, 106, 107, 108, 110, 111, 112, 113, 116, 117, 119, 120, 121, 122, 123, 124, 125, 126, 127, 129, 130, 131, 132, 133, 135, 137, 138, 139, 140, 142, 143, 147, 148, 150, 151, 152, 153, 154, 155, 156, 157, 158, 164, 165, 166, 167, 168, 169, 170, 171, 173, 174, 183, 184, 185, 186, 188, 193, 194, 195, 196, 197, 198, 200, 201, 202, 203, 204, 205, 207, 208, 209, 210, 211, 212, 213, 214, 222, 224, 225, 226, 229, 230, 231, 233, 234, 235, 236, 237, 238, 239, 240, 241, 243, 244, 245, 246, 247, 248, 249, 250, 251, 252, 253, 254, 255, 258, 259, 260, 261, 262, 263, 264, 265, 266, 267, 268, 269, 270, 271, 272, 273, 275, 276, 277, 278, 279, 280, 281, 282, 283, 284, 285, 286, 287, 288, 289, 290, 295, 296, 297, 302, 304, 305, 306], "summary": {"covered_lines": 167, "num_statements": 197, "percent_covered": 84.77157360406092, "percent_covered_display": "85", "missing_lines": 30, "excluded_lines": 0, "percent_statements_covered": 84.77157360406092, "percent_statements_covered_display": "85"}, "missing_lines": [23, 24, 25, 26, 27, 28, 32, 46, 47, 48, 49, 50, 52, 53, 54, 55, 56, 59, 60, 88, 114, 115, 144, 145, 159, 160, 161, 162, 227, 228], "excluded_lines": [], "start_line": 17}, "": {"executed_lines": [1, 3, 4, 5, 6, 8, 9, 10, 11, 12, 13, 16], "summary": {"covered_lines": 12, "num_statements": 12, "percent_covered": 100.0, "percent_covered_display": "100", "missing_lines": 0, "excluded_lines": 0, "percent_statements_covered": 100.0, "percent_statements_covered_display": "100"}, "missing_lines": [], "excluded_lines": [], "start_line": 1}}, "classes": {"": {"executed_lines": [1, 3, 4, 5, 6, 8, 9, 10, 11, 12, 13, 16, 17, 18, 19, 21, 22, 77, 78, 79, 80, 81, 82, 83, 84, 85, 86, 87, 89, 90, 91, 92, 93, 95, 96, 105, 106, 107, 108, 110, 111, 112, 113, 116, 117, 119, 120, 121, 122, 123, 124, 125, 126, 127, 129, 130, 131, 132, 133, 135, 137, 138, 139, 140, 142, 143, 147, 148, 150, 151, 152, 153, 154, 155, 156, 157, 158, 164, 165, 166, 167, 168, 169, 170, 171, 173, 174, 183, 184, 185, 186, 188, 193, 194, 195, 196, 197, 198, 200, 201, 202, 203, 204, 205, 207, 208, 209, 210, 211, 212, 213, 214, 222, 224, 225, 226, 229, 230, 231, 233, 234, 235, 236, 237, 238, 239, 240, 241, 243, 244, 245, 246, 247, 248, 249, 250, 251, 252, 253, 254, 255, 258, 259, 260, 261, 262, 263, 264, 265, 266, 267, 268, 269, 270, 271, 272, 273, 275, 276, 277, 278, 279, 280, 281, 282, 283, 284, 285, 286, 287, 288, 289, 290, 295, 296, 297, 302, 304, 305, 306, 308], "summary": {"covered_lines": 181, "num_statements": 211, "percent_covered": 85.78199052132702, "percent_covered_display": "86", "missing_lines": 30, "excluded_lines": 0, "percent_statements_covered": 85.78199052132702, "percent_statements_covered_display": "86"}, "missing_lines": [23, 24, 25, 26, 27, 28, 32, 46, 47, 48, 49, 50, 52, 53, 54, 55, 56, 59, 60, 88, 114, 115, 144, 145, 159, 160, 161, 162, 227, 228], "excluded_lines": [], "start_line": 1}}}, "src/cli/commands/collect.py": {"executed_lines": [1, 3, 4, 5, 7, 8, 9, 10, 11, 14, 15, 16, 18, 19, 20, 22, 23, 24, 25, 26, 27, 29, 31, 32, 33, 34, 37, 40, 41, 43, 44, 47, 48, 49, 56, 57, 59, 60, 61, 62, 63, 64, 65, 67, 68, 69, 71, 72, 74, 75, 76, 78, 79, 80, 81, 82, 83, 85, 86, 88], "summary": {"covered_lines": 60, "num_statements": 64, "percent_covered": 93.75, "percent_covered_display": "94", "missing_lines": 4, "excluded_lines": 0, "percent_statements_covered": 93.75, "percent_statements_covered_display": "94"}, "missing_lines": [35, 36, 38, 39], "excluded_lines": [], "functions": {"run": {"executed_lines": [15, 59, 88], "summary": {"covered_lines": 3, "num_statements": 3, "percent_covered": 100.0, "percent_covered_display": "100", "missing_lines": 0, "excluded_lines": 0, "percent_statements_covered": 100.0, "percent_statements_covered_display": "100"}, "missing_lines": [], "excluded_lines": [], "start_line": 14}, "run._run": {"executed_lines": [16, 18, 19, 20, 22, 23, 24, 25, 26, 27, 29, 31, 32, 33, 34, 37, 40, 41, 43, 44, 47, 48, 49, 56, 57], "summary": {"covered_lines": 25, "num_statements": 29, "percent_covered": 86.20689655172414, "percent_covered_display": "86", "missing_lines": 4, "excluded_lines": 0, "percent_statements_covered": 86.20689655172414, "percent_statements_covered_display": "86"}, "missing_lines": [35, 36, 38, 39], "excluded_lines": [], "start_line": 15}, "run._run_sample": {"executed_lines": [60, 61, 62, 63, 64, 65, 67, 68, 69, 71, 72, 74, 75, 76, 78, 79, 80, 81, 82, 83, 85, 86], "summary": {"covered_lines": 22, "num_statements": 22, "percent_covered": 100.0, "percent_covered_display": "100", "missing_lines": 0, "excluded_lines": 0, "percent_statements_covered": 100.0, "percent_statements_covered_display": "100"}, "missing_lines": [], "excluded_lines": [], "start_line": 59}, "": {"executed_lines": [1, 3, 4, 5, 7, 8, 9, 10, 11, 14], "summary": {"covered_lines": 10, "num_statements": 10, "percent_covered": 100.0, "percent_covered_display": "100", "missing_lines": 0, "excluded_lines": 0, "percent_statements_covered": 100.0, "percent_statements_covered_display": "100"}, "missing_lines": [], "excluded_lines": [], "start_line": 1}}, "classes": {"": {"executed_lines": [1, 3, 4, 5, 7, 8, 9, 10, 11, 14, 15, 16, 18, 19, 20, 22, 23, 24, 25, 26, 27, 29, 31, 32, 33, 34, 37, 40, 41, 43, 44, 47, 48, 49, 56, 57, 59, 60, 61, 62, 63, 64, 65, 67, 68, 69, 71, 72, 74, 75, 76, 78, 79, 80, 81, 82, 83, 85, 86, 88], "summary": {"covered_lines": 60, "num_statements": 64, "percent_covered": 93.75, "percent_covered_display": "94", "missing_lines": 4, "excluded_lines": 0, "percent_statements_covered": 93.75, "percent_statements_covered_display": "94"}, "missing_lines": [35, 36, 38, 39], "excluded_lines": [], "start_line": 1}}}, "src/cli/commands/common.py": {"executed_lines": [1, 4, 5, 6, 7, 8, 9, 10, 11, 12, 14, 15], "summary": {"covered_lines": 12, "num_statements": 12, "percent_covered": 100.0, "percent_covered_display": "100", "missing_lines": 0, "excluded_lines": 0, "percent_statements_covered": 100.0, "percent_statements_covered_display": "100"}, "missing_lines": [], "excluded_lines": [], "functions": {"resolve_channel": {"executed_lines": [5, 6, 7, 8, 9, 10, 11, 12, 14, 15], "summary": {"covered_lines": 10, "num_statements": 10, "percent_covered": 100.0, "percent_covered_display": "100", "missing_lines": 0, "excluded_lines": 0, "percent_statements_covered": 100.0, "percent_statements_covered_display": "100"}, "missing_lines": [], "excluded_lines": [], "start_line": 4}, "": {"executed_lines": [1, 4], "summary": {"covered_lines": 2, "num_statements": 2, "percent_covered": 100.0, "percent_covered_display": "100", "missing_lines": 0, "excluded_lines": 0, "percent_statements_covered": 100.0, "percent_statements_covered_display": "100"}, "missing_lines": [], "excluded_lines": [], "start_line": 1}}, "classes": {"": {"executed_lines": [1, 4, 5, 6, 7, 8, 9, 10, 11, 12, 14, 15], "summary": {"covered_lines": 12, "num_statements": 12, "percent_covered": 100.0, "percent_covered_display": "100", "missing_lines": 0, "excluded_lines": 0, "percent_statements_covered": 100.0, "percent_statements_covered_display": "100"}, "missing_lines": [], "excluded_lines": [], "start_line": 1}}}, "src/cli/commands/filter.py": {"executed_lines": [1, 3, 4, 6, 7, 8, 9, 10, 13, 14, 15, 16, 19, 20, 21, 22, 23, 24, 25, 26, 27, 28, 31, 32, 33, 35, 36, 37, 38, 39, 42, 43, 44, 45, 46, 48, 49, 50, 52, 53, 54, 55, 56, 57, 93, 94, 95, 96, 98, 99, 100, 105, 106, 107, 109, 110, 111, 112, 113, 114, 115, 116, 118, 119, 121, 122, 123, 124, 128, 129, 130, 136, 140, 141, 142, 143, 144, 152, 153, 155, 157], "summary": {"covered_lines": 81, "num_statements": 97, "percent_covered": 83.50515463917526, "percent_covered_display": "84", "missing_lines": 16, "excluded_lines": 0, "percent_statements_covered": 83.50515463917526, "percent_statements_covered_display": "84"}, "missing_lines": [59, 60, 70, 71, 72, 73, 74, 87, 131, 132, 133, 134, 145, 149, 150, 151], "excluded_lines": [], "functions": {"_build_deletion_service": {"executed_lines": [14, 15, 16], "summary": {"covered_lines": 3, "num_statements": 3, "percent_covered": 100.0, "percent_covered_display": "100", "missing_lines": 0, "excluded_lines": 0, "percent_statements_covered": 100.0, "percent_statements_covered_display": "100"}, "missing_lines": [], "excluded_lines": [], "start_line": 13}, "_parse_pks": {"executed_lines": [20, 21, 22, 23, 24, 25, 26, 27, 28], "summary": {"covered_lines": 9, "num_statements": 9, "percent_covered": 100.0, "percent_covered_display": "100", "missing_lines": 0, "excluded_lines": 0, "percent_statements_covered": 100.0, "percent_statements_covered_display": "100"}, "missing_lines": [], "excluded_lines": [], "start_line": 19}, "_print_result": {"executed_lines": [32, 33, 35, 36, 37, 38, 39], "summary": {"covered_lines": 7, "num_statements": 7, "percent_covered": 100.0, "percent_covered_display": "100", "missing_lines": 0, "excluded_lines": 0, "percent_statements_covered": 100.0, "percent_statements_covered_display": "100"}, "missing_lines": [], "excluded_lines": [], "start_line": 31}, "run": {"executed_lines": [43, 157], "summary": {"covered_lines": 2, "num_statements": 2, "percent_covered": 100.0, "percent_covered_display": "100", "missing_lines": 0, "excluded_lines": 0, "percent_statements_covered": 100.0, "percent_statements_covered_display": "100"}, "missing_lines": [], "excluded_lines": [], "start_line": 42}, "run._run": {"executed_lines": [44, 45, 46, 48, 49, 50, 52, 53, 54, 55, 56, 57, 93, 94, 95, 96, 98, 99, 100, 105, 106, 107, 109, 110, 111, 112, 113, 114, 115, 116, 118, 119, 121, 122, 123, 124, 128, 129, 130, 136, 140, 141, 142, 143, 144, 152, 153, 155], "summary": {"covered_lines": 48, "num_statements": 64, "percent_covered": 75.0, "percent_covered_display": "75", "missing_lines": 16, "excluded_lines": 0, "percent_statements_covered": 75.0, "percent_statements_covered_display": "75"}, "missing_lines": [59, 60, 70, 71, 72, 73, 74, 87, 131, 132, 133, 134, 145, 149, 150, 151], "excluded_lines": [], "start_line": 43}, "": {"executed_lines": [1, 3, 4, 6, 7, 8, 9, 10, 13, 19, 31, 42], "summary": {"covered_lines": 12, "num_statements": 12, "percent_covered": 100.0, "percent_covered_display": "100", "missing_lines": 0, "excluded_lines": 0, "percent_statements_covered": 100.0, "percent_statements_covered_display": "100"}, "missing_lines": [], "excluded_lines": [], "start_line": 1}}, "classes": {"": {"executed_lines": [1, 3, 4, 6, 7, 8, 9, 10, 13, 14, 15, 16, 19, 20, 21, 22, 23, 24, 25, 26, 27, 28, 31, 32, 33, 35, 36, 37, 38, 39, 42, 43, 44, 45, 46, 48, 49, 50, 52, 53, 54, 55, 56, 57, 93, 94, 95, 96, 98, 99, 100, 105, 106, 107, 109, 110, 111, 112, 113, 114, 115, 116, 118, 119, 121, 122, 123, 124, 128, 129, 130, 136, 140, 141, 142, 143, 144, 152, 153, 155, 157], "summary": {"covered_lines": 81, "num_statements": 97, "percent_covered": 83.50515463917526, "percent_covered_display": "84", "missing_lines": 16, "excluded_lines": 0, "percent_statements_covered": 83.50515463917526, "percent_statements_covered_display": "84"}, "missing_lines": [59, 60, 70, 71, 72, 73, 74, 87, 131, 132, 133, 134, 145, 149, 150, 151], "excluded_lines": [], "start_line": 1}}}, "src/cli/commands/my_telegram.py": {"executed_lines": [1, 3, 4, 5, 7, 8, 11, 12, 13, 14, 15, 16, 17, 18, 19, 20, 21, 22, 23, 24, 25, 26, 27, 28, 29, 30, 31, 32, 33, 34, 42, 43, 44, 45, 46, 47, 48, 49, 50, 53, 54, 55, 56, 57, 58, 59, 60, 61, 62, 63, 64, 67, 68, 69, 72, 74, 75, 76, 77, 79, 80, 81, 82, 83, 84, 85, 86, 87, 89, 90, 91, 92, 93, 94, 95, 96, 97, 98, 99, 100, 101, 102, 106, 107, 108, 109, 110, 111, 120, 121, 122, 123, 124, 125, 127, 128, 129, 131, 170, 171, 172, 174, 175, 176, 177, 178, 181, 182, 183, 184, 185, 186, 187, 190, 191, 198, 200, 201, 203], "summary": {"covered_lines": 119, "num_statements": 148, "percent_covered": 80.4054054054054, "percent_covered_display": "80", "missing_lines": 29, "excluded_lines": 0, "percent_statements_covered": 80.4054054054054, "percent_statements_covered_display": "80"}, "missing_lines": [132, 133, 134, 135, 136, 137, 138, 139, 140, 141, 143, 151, 152, 153, 154, 155, 156, 157, 158, 159, 160, 162, 163, 164, 165, 166, 167, 168, 179], "excluded_lines": [], "functions": {"run": {"executed_lines": [12, 203], "summary": {"covered_lines": 2, "num_statements": 2, "percent_covered": 100.0, "percent_covered_display": "100", "missing_lines": 0, "excluded_lines": 0, "percent_statements_covered": 100.0, "percent_statements_covered_display": "100"}, "missing_lines": [], "excluded_lines": [], "start_line": 11}, "run._run": {"executed_lines": [13, 14, 15, 16, 17, 18, 19, 20, 21, 22, 23, 24, 25, 26, 27, 28, 29, 30, 31, 32, 33, 34, 42, 43, 44, 45, 46, 47, 48, 49, 50, 53, 54, 55, 56, 57, 58, 59, 60, 61, 62, 63, 64, 67, 68, 69, 72, 74, 75, 76, 77, 79, 80, 81, 82, 83, 84, 85, 86, 87, 89, 90, 91, 92, 93, 94, 95, 96, 97, 98, 99, 100, 101, 102, 106, 107, 108, 109, 110, 111, 120, 121, 122, 123, 124, 125, 127, 128, 129, 131, 170, 171, 172, 174, 175, 176, 177, 178, 181, 182, 183, 184, 185, 186, 187, 190, 191, 198, 200, 201], "summary": {"covered_lines": 110, "num_statements": 139, "percent_covered": 79.13669064748201, "percent_covered_display": "79", "missing_lines": 29, "excluded_lines": 0, "percent_statements_covered": 79.13669064748201, "percent_statements_covered_display": "79"}, "missing_lines": [132, 133, 134, 135, 136, 137, 138, 139, 140, 141, 143, 151, 152, 153, 154, 155, 156, 157, 158, 159, 160, 162, 163, 164, 165, 166, 167, 168, 179], "excluded_lines": [], "start_line": 12}, "": {"executed_lines": [1, 3, 4, 5, 7, 8, 11], "summary": {"covered_lines": 7, "num_statements": 7, "percent_covered": 100.0, "percent_covered_display": "100", "missing_lines": 0, "excluded_lines": 0, "percent_statements_covered": 100.0, "percent_statements_covered_display": "100"}, "missing_lines": [], "excluded_lines": [], "start_line": 1}}, "classes": {"": {"executed_lines": [1, 3, 4, 5, 7, 8, 11, 12, 13, 14, 15, 16, 17, 18, 19, 20, 21, 22, 23, 24, 25, 26, 27, 28, 29, 30, 31, 32, 33, 34, 42, 43, 44, 45, 46, 47, 48, 49, 50, 53, 54, 55, 56, 57, 58, 59, 60, 61, 62, 63, 64, 67, 68, 69, 72, 74, 75, 76, 77, 79, 80, 81, 82, 83, 84, 85, 86, 87, 89, 90, 91, 92, 93, 94, 95, 96, 97, 98, 99, 100, 101, 102, 106, 107, 108, 109, 110, 111, 120, 121, 122, 123, 124, 125, 127, 128, 129, 131, 170, 171, 172, 174, 175, 176, 177, 178, 181, 182, 183, 184, 185, 186, 187, 190, 191, 198, 200, 201, 203], "summary": {"covered_lines": 119, "num_statements": 148, "percent_covered": 80.4054054054054, "percent_covered_display": "80", "missing_lines": 29, "excluded_lines": 0, "percent_statements_covered": 80.4054054054054, "percent_statements_covered_display": "80"}, "missing_lines": [132, 133, 134, 135, 136, 137, 138, 139, 140, 141, 143, 151, 152, 153, 154, 155, 156, 157, 158, 159, 160, 162, 163, 164, 165, 166, 167, 168, 179], "excluded_lines": [], "start_line": 1}}}, "src/cli/commands/notification.py": {"executed_lines": [1, 3, 4, 6, 7, 8, 11, 12, 13, 14, 15, 16, 22, 23, 24, 25, 26, 27, 28, 29, 31, 32, 33, 34, 36, 37, 38, 40, 41, 42, 43, 45, 46, 48], "summary": {"covered_lines": 34, "num_statements": 34, "percent_covered": 100.0, "percent_covered_display": "100", "missing_lines": 0, "excluded_lines": 0, "percent_statements_covered": 100.0, "percent_statements_covered_display": "100"}, "missing_lines": [], "excluded_lines": [], "functions": {"run": {"executed_lines": [12, 48], "summary": {"covered_lines": 2, "num_statements": 2, "percent_covered": 100.0, "percent_covered_display": "100", "missing_lines": 0, "excluded_lines": 0, "percent_statements_covered": 100.0, "percent_statements_covered_display": "100"}, "missing_lines": [], "excluded_lines": [], "start_line": 11}, "run._run": {"executed_lines": [13, 14, 15, 16, 22, 23, 24, 25, 26, 27, 28, 29, 31, 32, 33, 34, 36, 37, 38, 40, 41, 42, 43, 45, 46], "summary": {"covered_lines": 25, "num_statements": 25, "percent_covered": 100.0, "percent_covered_display": "100", "missing_lines": 0, "excluded_lines": 0, "percent_statements_covered": 100.0, "percent_statements_covered_display": "100"}, "missing_lines": [], "excluded_lines": [], "start_line": 12}, "": {"executed_lines": [1, 3, 4, 6, 7, 8, 11], "summary": {"covered_lines": 7, "num_statements": 7, "percent_covered": 100.0, "percent_covered_display": "100", "missing_lines": 0, "excluded_lines": 0, "percent_statements_covered": 100.0, "percent_statements_covered_display": "100"}, "missing_lines": [], "excluded_lines": [], "start_line": 1}}, "classes": {"": {"executed_lines": [1, 3, 4, 6, 7, 8, 11, 12, 13, 14, 15, 16, 22, 23, 24, 25, 26, 27, 28, 29, 31, 32, 33, 34, 36, 37, 38, 40, 41, 42, 43, 45, 46, 48], "summary": {"covered_lines": 34, "num_statements": 34, "percent_covered": 100.0, "percent_covered_display": "100", "missing_lines": 0, "excluded_lines": 0, "percent_statements_covered": 100.0, "percent_statements_covered_display": "100"}, "missing_lines": [], "excluded_lines": [], "start_line": 1}}}, "src/cli/commands/photo_loader.py": {"executed_lines": [1, 3, 4, 5, 7, 8, 9, 10, 11, 12, 13, 16, 17, 18, 19, 20, 21, 22, 23, 30, 31, 32, 33, 34, 37, 38, 39, 40, 41, 42, 43, 44, 45, 46, 47, 48, 49, 50, 51, 55, 57, 58, 65, 66, 68, 69, 77, 78, 80, 81, 82, 88, 89, 91, 92, 93, 94, 98, 100, 101, 102, 103, 105, 106, 107, 119, 120, 122, 123, 124, 125, 129, 131, 132, 139, 140, 141, 143, 144, 145, 147, 148, 149, 150, 151, 152, 153, 154, 156, 157, 158, 159, 161, 162, 163, 164, 165, 167, 168, 170], "summary": {"covered_lines": 100, "num_statements": 101, "percent_covered": 99.00990099009901, "percent_covered_display": "99", "missing_lines": 1, "excluded_lines": 0, "percent_statements_covered": 99.00990099009901, "percent_statements_covered_display": "99"}, "missing_lines": [142], "excluded_lines": [], "functions": {"_resolve_target": {"executed_lines": [17, 18, 19, 20, 21, 22, 23], "summary": {"covered_lines": 7, "num_statements": 7, "percent_covered": 100.0, "percent_covered_display": "100", "missing_lines": 0, "excluded_lines": 0, "percent_statements_covered": 100.0, "percent_statements_covered_display": "100"}, "missing_lines": [], "excluded_lines": [], "start_line": 16}, "_parse_schedule_at": {"executed_lines": [31, 32, 33, 34], "summary": {"covered_lines": 4, "num_statements": 4, "percent_covered": 100.0, "percent_covered_display": "100", "missing_lines": 0, "excluded_lines": 0, "percent_statements_covered": 100.0, "percent_statements_covered_display": "100"}, "missing_lines": [], "excluded_lines": [], "start_line": 30}, "run": {"executed_lines": [38, 170], "summary": {"covered_lines": 2, "num_statements": 2, "percent_covered": 100.0, "percent_covered_display": "100", "missing_lines": 0, "excluded_lines": 0, "perc
[...]
6, 667, 668, 669, 670, 671, 672, 673, 674, 675, 676], "excluded_lines": [], "start_line": 659}, "refresh_agent_provider_models": {"executed_lines": [681, 682, 683, 686, 687, 689, 691, 692, 693, 694, 695], "summary": {"covered_lines": 11, "num_statements": 13, "percent_covered": 84.61538461538461, "percent_covered_display": "85", "missing_lines": 2, "excluded_lines": 0, "percent_statements_covered": 84.61538461538461, "percent_statements_covered_display": "85"}, "missing_lines": [688, 690], "excluded_lines": [], "start_line": 680}, "refresh_all_agent_provider_models": {"executed_lines": [712, 713, 714, 717, 718, 719, 720, 721, 722, 723], "summary": {"covered_lines": 10, "num_statements": 10, "percent_covered": 100.0, "percent_covered_display": "100", "missing_lines": 0, "excluded_lines": 0, "percent_statements_covered": 100.0, "percent_statements_covered_display": "100"}, "missing_lines": [], "excluded_lines": [], "start_line": 711}, "probe_agent_provider_model": {"executed_lines": [746, 747, 748, 751, 752, 754, 757, 758, 759, 760, 761, 780, 781, 786, 792, 800], "summary": {"covered_lines": 16, "num_statements": 20, "percent_covered": 80.0, "percent_covered_display": "80", "missing_lines": 4, "excluded_lines": 0, "percent_statements_covered": 80.0, "percent_statements_covered_display": "80"}, "missing_lines": [753, 755, 762, 768], "excluded_lines": [], "start_line": 745}, "test_all_agent_provider_models": {"executed_lines": [816, 817, 818, 821, 822, 823, 824, 825, 826, 835, 849, 850, 853], "summary": {"covered_lines": 13, "num_statements": 14, "percent_covered": 92.85714285714286, "percent_covered_display": "93", "missing_lines": 1, "excluded_lines": 0, "percent_statements_covered": 92.85714285714286, "percent_statements_covered_display": "93"}, "missing_lines": [827], "excluded_lines": [], "start_line": 815}, "test_all_agent_provider_models_status": {"executed_lines": [858, 859, 860, 863, 864, 865], "summary": {"covered_lines": 6, "num_statements": 6, "percent_covered": 100.0, "percent_covered_display": "100", "missing_lines": 0, "excluded_lines": 0, "percent_statements_covered": 100.0, "percent_statements_covered_display": "100"}, "missing_lines": [], "excluded_lines": [], "start_line": 857}, "save_filters": {"executed_lines": [870, 871, 872, 873, 874, 875, 876, 880, 884, 885, 886, 891, 892, 893], "summary": {"covered_lines": 14, "num_statements": 14, "percent_covered": 100.0, "percent_covered_display": "100", "missing_lines": 0, "excluded_lines": 0, "percent_statements_covered": 100.0, "percent_statements_covered_display": "100"}, "missing_lines": [], "excluded_lines": [], "start_line": 869}, "save_notification_account": {"executed_lines": [898, 899, 900, 901, 902, 903, 905, 907, 908, 910], "summary": {"covered_lines": 10, "num_statements": 11, "percent_covered": 90.9090909090909, "percent_covered_display": "91", "missing_lines": 1, "excluded_lines": 0, "percent_statements_covered": 90.9090909090909, "percent_statements_covered_display": "91"}, "missing_lines": [909], "excluded_lines": [], "start_line": 897}, "save_credentials": {"executed_lines": [915, 916, 917, 919, 920, 922, 923, 925, 926, 928, 929, 930, 931, 933, 934, 935, 936, 937, 939, 941], "summary": {"covered_lines": 20, "num_statements": 21, "percent_covered": 95.23809523809524, "percent_covered_display": "95", "missing_lines": 1, "excluded_lines": 0, "percent_statements_covered": 95.23809523809524, "percent_statements_covered_display": "95"}, "missing_lines": [938], "excluded_lines": [], "start_line": 914}, "setup_notification_bot": {"executed_lines": [946, 947, 948, 949, 950, 951, 955, 956, 957, 959, 961, 962], "summary": {"covered_lines": 12, "num_statements": 14, "percent_covered": 85.71428571428571, "percent_covered_display": "86", "missing_lines": 2, "excluded_lines": 0, "percent_statements_covered": 85.71428571428571, "percent_statements_covered_display": "86"}, "missing_lines": [958, 968], "excluded_lines": [], "start_line": 945}, "notification_bot_status": {"executed_lines": [973, 974, 975, 976, 977, 978, 979], "summary": {"covered_lines": 7, "num_statements": 7, "percent_covered": 100.0, "percent_covered_display": "100", "missing_lines": 0, "excluded_lines": 0, "percent_statements_covered": 100.0, "percent_statements_covered_display": "100"}, "missing_lines": [], "excluded_lines": [], "start_line": 972}, "delete_notification_bot": {"executed_lines": [991, 992, 1006, 1007, 1008], "summary": {"covered_lines": 5, "num_statements": 17, "percent_covered": 29.41176470588235, "percent_covered_display": "29", "missing_lines": 12, "excluded_lines": 0, "percent_statements_covered": 29.41176470588235, "percent_statements_covered_display": "29"}, "missing_lines": [993, 994, 995, 996, 997, 998, 999, 1000, 1001, 1002, 1003, 1004], "excluded_lines": [], "start_line": 990}, "test_notification": {"executed_lines": [1013, 1014, 1016, 1017, 1020, 1023, 1025, 1037, 1038, 1041, 1042], "summary": {"covered_lines": 11, "num_statements": 19, "percent_covered": 57.89473684210526, "percent_covered_display": "58", "missing_lines": 8, "excluded_lines": 0, "percent_statements_covered": 57.89473684210526, "percent_statements_covered_display": "58"}, "missing_lines": [1018, 1021, 1026, 1030, 1031, 1034, 1035, 1043], "excluded_lines": [], "start_line": 1012}, "toggle_account": {"executed_lines": [1048, 1049], "summary": {"covered_lines": 2, "num_statements": 2, "percent_covered": 100.0, "percent_covered_display": "100", "missing_lines": 0, "excluded_lines": 0, "percent_statements_covered": 100.0, "percent_statements_covered_display": "100"}, "missing_lines": [], "excluded_lines": [], "start_line": 1047}, "delete_account": {"executed_lines": [1054, 1055], "summary": {"covered_lines": 2, "num_statements": 2, "percent_covered": 100.0, "percent_covered_display": "100", "missing_lines": 0, "excluded_lines": 0, "percent_statements_covered": 100.0, "percent_statements_covered_display": "100"}, "missing_lines": [], "excluded_lines": [], "start_line": 1053}, "": {"executed_lines": [1, 2, 3, 4, 6, 7, 9, 10, 17, 18, 19, 24, 36, 37, 38, 39, 41, 42, 44, 47, 57, 61, 65, 99, 106, 110, 122, 130, 151, 155, 161, 172, 342, 361, 362, 452, 453, 468, 469, 515, 516, 533, 534, 589, 590, 615, 616, 658, 659, 679, 680, 710, 711, 744, 745, 814, 815, 856, 857, 868, 869, 896, 897, 913, 914, 944, 945, 971, 972, 989, 990, 1011, 1012, 1046, 1047, 1052, 1053], "summary": {"covered_lines": 77, "num_statements": 77, "percent_covered": 100.0, "percent_covered_display": "100", "missing_lines": 0, "excluded_lines": 0, "percent_statements_covered": 100.0, "percent_statements_covered_display": "100"}, "missing_lines": [], "excluded_lines": [], "start_line": 1}}, "classes": {"": {"executed_lines": [1, 2, 3, 4, 6, 7, 9, 10, 17, 18, 19, 24, 36, 37, 38, 39, 41, 42, 44, 47, 48, 49, 57, 58, 61, 62, 65, 66, 67, 73, 79, 80, 81, 99, 100, 101, 103, 106, 107, 110, 115, 116, 117, 118, 119, 122, 123, 124, 125, 126, 127, 130, 131, 132, 133, 147, 148, 151, 152, 155, 156, 157, 158, 161, 165, 166, 167, 168, 169, 172, 176, 177, 178, 179, 180, 194, 195, 196, 197, 198, 199, 200, 201, 202, 203, 204, 206, 207, 208, 209, 214, 221, 222, 223, 228, 229, 230, 231, 239, 240, 258, 263, 270, 280, 281, 282, 283, 291, 301, 311, 312, 313, 314, 316, 323, 331, 332, 333, 334, 336, 337, 338, 339, 342, 350, 361, 362, 363, 364, 365, 366, 367, 368, 374, 375, 376, 377, 378, 379, 382, 384, 385, 386, 390, 396, 397, 398, 399, 400, 401, 409, 410, 411, 412, 413, 418, 419, 452, 453, 454, 455, 456, 457, 458, 459, 460, 461, 462, 463, 464, 465, 468, 469, 470, 471, 473, 474, 475, 476, 477, 478, 480, 481, 482, 483, 484, 485, 486, 488, 496, 501, 502, 503, 504, 505, 506, 507, 508, 509, 510, 511, 512, 515, 516, 517, 518, 520, 521, 522, 523, 524, 525, 526, 527, 533, 534, 535, 536, 538, 539, 540, 541, 545, 546, 547, 548, 549, 551, 552, 555, 556, 558, 559, 560, 561, 563, 565, 566, 567, 568, 569, 570, 571, 572, 573, 578, 580, 581, 582, 583, 584, 586, 589, 590, 591, 592, 593, 596, 597, 598, 599, 600, 601, 603, 604, 606, 607, 608, 609, 610, 612, 615, 616, 617, 618, 619, 622, 623, 625, 626, 627, 628, 629, 630, 631, 632, 633, 634, 635, 641, 652, 653, 655, 658, 659, 660, 661, 662, 679, 680, 681, 682, 683, 686, 687, 689, 691, 692, 693, 694, 695, 710, 711, 712, 713, 714, 717, 718, 719, 720, 721, 722, 723, 744, 745, 746, 747, 748, 751, 752, 754, 757, 758, 759, 760, 761, 780, 781, 786, 792, 800, 814, 815, 816, 817, 818, 821, 822, 823, 824, 825, 826, 835, 849, 850, 853, 856, 857, 858, 859, 860, 863, 864, 865, 868, 869, 870, 871, 872, 873, 874, 875, 876, 880, 884, 885, 886, 891, 892, 893, 896, 897, 898, 899, 900, 901, 902, 903, 905, 907, 908, 910, 913, 914, 915, 916, 917, 919, 920, 922, 923, 925, 926, 928, 929, 930, 931, 933, 934, 935, 936, 937, 939, 941, 944, 945, 946, 947, 948, 949, 950, 951, 955, 956, 957, 959, 961, 962, 971, 972, 973, 974, 975, 976, 977, 978, 979, 989, 990, 991, 992, 1006, 1007, 1008, 1011, 1012, 1013, 1014, 1016, 1017, 1020, 1023, 1025, 1037, 1038, 1041, 1042, 1046, 1047, 1048, 1049, 1052, 1053, 1054, 1055], "summary": {"covered_lines": 465, "num_statements": 526, "percent_covered": 88.40304182509506, "percent_covered_display": "88", "missing_lines": 61, "excluded_lines": 0, "percent_statements_covered": 88.40304182509506, "percent_statements_covered_display": "88"}, "missing_lines": [102, 241, 250, 315, 383, 404, 405, 406, 407, 408, 519, 553, 585, 602, 605, 611, 624, 654, 665, 666, 667, 668, 669, 670, 671, 672, 673, 674, 675, 676, 688, 690, 753, 755, 762, 768, 827, 909, 938, 958, 968, 993, 994, 995, 996, 997, 998, 999, 1000, 1001, 1002, 1003, 1004, 1018, 1021, 1026, 1030, 1031, 1034, 1035, 1043], "excluded_lines": [], "start_line": 1}}}, "src/web/session.py": {"executed_lines": [1, 3, 4, 5, 6, 7, 9, 10, 13, 14, 17, 18, 19, 21, 24, 25, 26, 29, 30, 31, 32, 33, 36, 37, 38, 40, 41, 42, 43, 44, 45, 48, 50], "summary": {"covered_lines": 33, "num_statements": 38, "percent_covered": 86.84210526315789, "percent_covered_display": "87", "missing_lines": 5, "excluded_lines": 0, "percent_statements_covered": 86.84210526315789, "percent_statements_covered_display": "87"}, "missing_lines": [20, 39, 46, 47, 49], "excluded_lines": [], "functions": {"_b64url_encode": {"executed_lines": [14], "summary": {"covered_lines": 1, "num_statements": 1, "percent_covered": 100.0, "percent_covered_display": "100", "missing_lines": 0, "excluded_lines": 0, "percent_statements_covered": 100.0, "percent_statements_covered_display": "100"}, "missing_lines": [], "excluded_lines": [], "start_line": 13}, "_b64url_decode": {"executed_lines": [18, 19, 21], "summary": {"covered_lines": 3, "num_statements": 4, "percent_covered": 75.0, "percent_covered_display": "75", "missing_lines": 1, "excluded_lines": 0, "percent_statements_covered": 75.0, "percent_statements_covered_display": "75"}, "missing_lines": [20], "excluded_lines": [], "start_line": 17}, "_sign": {"executed_lines": [25, 26], "summary": {"covered_lines": 2, "num_statements": 2, "percent_covered": 100.0, "percent_covered_display": "100", "missing_lines": 0, "excluded_lines": 0, "percent_statements_covered": 100.0, "percent_statements_covered_display": "100"}, "missing_lines": [], "excluded_lines": [], "start_line": 24}, "create_session_token": {"executed_lines": [30, 31, 32, 33], "summary": {"covered_lines": 4, "num_statements": 4, "percent_covered": 100.0, "percent_covered_display": "100", "missing_lines": 0, "excluded_lines": 0, "percent_statements_covered": 100.0, "percent_statements_covered_display": "100"}, "missing_lines": [], "excluded_lines": [], "start_line": 29}, "verify_session_token": {"executed_lines": [37, 38, 40, 41, 42, 43, 44, 45, 48, 50], "summary": {"covered_lines": 10, "num_statements": 14, "percent_covered": 71.42857142857143, "percent_covered_display": "71", "missing_lines": 4, "excluded_lines": 0, "percent_statements_covered": 71.42857142857143, "percent_statements_covered_display": "71"}, "missing_lines": [39, 46, 47, 49], "excluded_lines": [], "start_line": 36}, "": {"executed_lines": [1, 3, 4, 5, 6, 7, 9, 10, 13, 17, 24, 29, 36], "summary": {"covered_lines": 13, "num_statements": 13, "percent_covered": 100.0, "percent_covered_display": "100", "missing_lines": 0, "excluded_lines": 0, "percent_statements_covered": 100.0, "percent_statements_covered_display": "100"}, "missing_lines": [], "excluded_lines": [], "start_line": 1}}, "classes": {"": {"executed_lines": [1, 3, 4, 5, 6, 7, 9, 10, 13, 14, 17, 18, 19, 21, 24, 25, 26, 29, 30, 31, 32, 33, 36, 37, 38, 40, 41, 42, 43, 44, 45, 48, 50], "summary": {"covered_lines": 33, "num_statements": 38, "percent_covered": 86.84210526315789, "percent_covered_display": "87", "missing_lines": 5, "excluded_lines": 0, "percent_statements_covered": 86.84210526315789, "percent_statements_covered_display": "87"}, "missing_lines": [20, 39, 46, 47, 49], "excluded_lines": [], "start_line": 1}}}, "src/web/template_globals.py": {"executed_lines": [1, 3, 4, 5, 6, 7, 8, 10, 11, 12, 14, 15, 17, 19, 20, 21, 24, 25, 26, 27, 28, 29, 30, 48, 49, 52, 53, 54, 55, 56, 57, 60, 61, 62, 63, 64, 65, 66, 67, 70, 71, 72, 73, 74, 77, 84, 85, 89, 90, 91, 92, 94, 95, 96, 98, 99, 100, 103, 104, 106, 108, 111, 115, 116, 117, 118], "summary": {"covered_lines": 66, "num_statements": 75, "percent_covered": 88.0, "percent_covered_display": "88", "missing_lines": 9, "excluded_lines": 0, "percent_statements_covered": 88.0, "percent_statements_covered_display": "88"}, "missing_lines": [31, 32, 34, 35, 36, 37, 38, 39, 45], "excluded_lines": [], "functions": {"get_app_version": {"executed_lines": [25, 26, 27, 28, 29, 30], "summary": {"covered_lines": 6, "num_statements": 15, "percent_covered": 40.0, "percent_covered_display": "40", "missing_lines": 9, "excluded_lines": 0, "percent_statements_covered": 40.0, "percent_statements_covered_display": "40"}, "missing_lines": [31, 32, 34, 35, 36, 37, 38, 39, 45], "excluded_lines": [], "start_line": 24}, "_agent_available": {"executed_lines": [49, 52, 53, 54, 55, 56, 57], "summary": {"covered_lines": 7, "num_statements": 7, "percent_covered": 100.0, "percent_covered_display": "100", "missing_lines": 0, "excluded_lines": 0, "percent_statements_covered": 100.0, "percent_statements_covered_display": "100"}, "missing_lines": [], "excluded_lines": [], "start_line": 48}, "_request_agent_manager": {"executed_lines": [61, 62, 63, 64, 65, 66, 67], "summary": {"covered_lines": 7, "num_statements": 7, "percent_covered": 100.0, "percent_covered_display": "100", "missing_lines": 0, "excluded_lines": 0, "percent_statements_covered": 100.0, "percent_statements_covered_display": "100"}, "missing_lines": [], "excluded_lines": [], "start_line": 60}, "_agent_available_for_request": {"executed_lines": [71, 72, 73, 74], "summary": {"covered_lines": 4, "num_statements": 4, "percent_covered": 100.0, "percent_covered_display": "100", "missing_lines": 0, "excluded_lines": 0, "percent_statements_covered": 100.0, "percent_statements_covered_display": "100"}, "missing_lines": [], "excluded_lines": [], "start_line": 70}, "local_dt_filter": {"executed_lines": [84, 85, 89, 90, 91, 92, 94, 95, 96, 98, 99, 100, 103, 104, 106, 108], "summary": {"covered_lines": 16, "num_statements": 16, "percent_covered": 100.0, "percent_covered_display": "100", "missing_lines": 0, "excluded_lines": 0, "percent_statements_covered": 100.0, "percent_statements_covered_display": "100"}, "missing_lines": [], "excluded_lines": [], "start_line": 77}, "configure_template_globals": {"executed_lines": [115, 116, 117, 118], "summary": {"covered_lines": 4, "num_statements": 4, "percent_covered": 100.0, "percent_covered_display": "100", "missing_lines": 0, "excluded_lines": 0, "percent_statements_covered": 100.0, "percent_statements_covered_display": "100"}, "missing_lines": [], "excluded_lines": [], "start_line": 111}, "": {"executed_lines": [1, 3, 4, 5, 6, 7, 8, 10, 11, 12, 14, 15, 17, 19, 20, 21, 24, 48, 60, 70, 77, 111], "summary": {"covered_lines": 22, "num_statements": 22, "percent_covered": 100.0, "percent_covered_display": "100", "missing_lines": 0, "excluded_lines": 0, "percent_statements_covered": 100.0, "percent_statements_covered_display": "100"}, "missing_lines": [], "excluded_lines": [], "start_line": 1}}, "classes": {"": {"executed_lines": [1, 3, 4, 5, 6, 7, 8, 10, 11, 12, 14, 15, 17, 19, 20, 21, 24, 25, 26, 27, 28, 29, 30, 48, 49, 52, 53, 54, 55, 56, 57, 60, 61, 62, 63, 64, 65, 66, 67, 70, 71, 72, 73, 74, 77, 84, 85, 89, 90, 91, 92, 94, 95, 96, 98, 99, 100, 103, 104, 106, 108, 111, 115, 116, 117, 118], "summary": {"covered_lines": 66, "num_statements": 75, "percent_covered": 88.0, "percent_covered_display": "88", "missing_lines": 9, "excluded_lines": 0, "percent_statements_covered": 88.0, "percent_statements_covered_display": "88"}, "missing_lines": [31, 32, 34, 35, 36, 37, 38, 39, 45], "excluded_lines": [], "start_line": 1}}}, "src/web/timing.py": {"executed_lines": [1, 3, 4, 7, 8, 9, 10, 11, 12, 15, 16, 17, 19, 20, 22], "summary": {"covered_lines": 15, "num_statements": 16, "percent_covered": 93.75, "percent_covered_display": "94", "missing_lines": 1, "excluded_lines": 0, "percent_statements_covered": 93.75, "percent_statements_covered_display": "94"}, "missing_lines": [23], "excluded_lines": [], "functions": {"TimingBuffer.__init__": {"executed_lines": [17], "summary": {"covered_lines": 1, "num_statements": 1, "percent_covered": 100.0, "percent_covered_display": "100", "missing_lines": 0, "excluded_lines": 0, "percent_statements_covered": 100.0, "percent_statements_covered_display": "100"}, "missing_lines": [], "excluded_lines": [], "start_line": 16}, "TimingBuffer.add": {"executed_lines": [20], "summary": {"covered_lines": 1, "num_statements": 1, "percent_covered": 100.0, "percent_covered_display": "100", "missing_lines": 0, "excluded_lines": 0, "percent_statements_covered": 100.0, "percent_statements_covered_display": "100"}, "missing_lines": [], "excluded_lines": [], "start_line": 19}, "TimingBuffer.get_records": {"executed_lines": [], "summary": {"covered_lines": 0, "num_statements": 1, "percent_covered": 0.0, "percent_covered_display": "0", "missing_lines": 1, "excluded_lines": 0, "percent_statements_covered": 0.0, "percent_statements_covered_display": "0"}, "missing_lines": [23], "excluded_lines": [], "start_line": 22}, "": {"executed_lines": [1, 3, 4, 7, 8, 9, 10, 11, 12, 15, 16, 19, 22], "summary": {"covered_lines": 13, "num_statements": 13, "percent_covered": 100.0, "percent_covered_display": "100", "missing_lines": 0, "excluded_lines": 0, "percent_statements_covered": 100.0, "percent_statements_covered_display": "100"}, "missing_lines": [], "excluded_lines": [], "start_line": 1}}, "classes": {"TimingRecord": {"executed_lines": [], "summary": {"covered_lines": 0, "num_statements": 0, "percent_covered": 100.0, "percent_covered_display": "100", "missing_lines": 0, "excluded_lines": 0, "percent_statements_covered": 100.0, "percent_statements_covered_display": "100"}, "missing_lines": [], "excluded_lines": [], "start_line": 7}, "TimingBuffer": {"executed_lines": [17, 20], "summary": {"covered_lines": 2, "num_statements": 3, "percent_covered": 66.66666666666667, "percent_covered_display": "67", "missing_lines": 1, "excluded_lines": 0, "percent_statements_covered": 66.66666666666667, "percent_statements_covered_display": "67"}, "missing_lines": [23], "excluded_lines": [], "start_line": 15}, "": {"executed_lines": [1, 3, 4, 7, 8, 9, 10, 11, 12, 15, 16, 19, 22], "summary": {"covered_lines": 13, "num_statements": 13, "percent_covered": 100.0, "percent_covered_display": "100", "missing_lines": 0, "excluded_lines": 0, "percent_statements_covered": 100.0, "percent_statements_covered_display": "100"}, "missing_lines": [], "excluded_lines": [], "start_line": 1}}}}, "totals": {"covered_lines": 13361, "num_statements": 15441, "percent_covered": 86.52936985946506, "percent_covered_display": "87", "missing_lines": 2080, "excluded_lines": 40, "percent_statements_covered": 86.52936985946506, "percent_statements_covered_display": "87"}}